{"/Users/jessebrink/springboard/unit37/express-jobly/app.js": {"path":"/Users/jessebrink/springboard/unit37/express-jobly/app.js","statementMap":{"0":{"start":{"line":5,"column":16},"end":{"line":5,"column":34}},"1":{"start":{"line":6,"column":13},"end":{"line":6,"column":28}},"2":{"start":{"line":8,"column":26},"end":{"line":8,"column":51}},"3":{"start":{"line":10,"column":28},"end":{"line":10,"column":56}},"4":{"start":{"line":11,"column":19},"end":{"line":11,"column":43}},"5":{"start":{"line":12,"column":24},"end":{"line":12,"column":53}},"6":{"start":{"line":13,"column":20},"end":{"line":13,"column":45}},"7":{"start":{"line":14,"column":18},"end":{"line":14,"column":42}},"8":{"start":{"line":16,"column":15},"end":{"line":16,"column":32}},"9":{"start":{"line":18,"column":12},"end":{"line":18,"column":21}},"10":{"start":{"line":20,"column":0},"end":{"line":20,"column":16}},"11":{"start":{"line":21,"column":0},"end":{"line":21,"column":24}},"12":{"start":{"line":22,"column":0},"end":{"line":22,"column":24}},"13":{"start":{"line":23,"column":0},"end":{"line":23,"column":25}},"14":{"start":{"line":25,"column":0},"end":{"line":25,"column":29}},"15":{"start":{"line":26,"column":0},"end":{"line":26,"column":39}},"16":{"start":{"line":27,"column":0},"end":{"line":27,"column":31}},"17":{"start":{"line":28,"column":0},"end":{"line":28,"column":28}},"18":{"start":{"line":32,"column":0},"end":{"line":34,"column":3}},"19":{"start":{"line":33,"column":2},"end":{"line":33,"column":35}},"20":{"start":{"line":37,"column":0},"end":{"line":45,"column":3}},"21":{"start":{"line":38,"column":2},"end":{"line":38,"column":64}},"22":{"start":{"line":38,"column":39},"end":{"line":38,"column":64}},"23":{"start":{"line":39,"column":17},"end":{"line":39,"column":34}},"24":{"start":{"line":40,"column":18},"end":{"line":40,"column":29}},"25":{"start":{"line":42,"column":2},"end":{"line":44,"column":5}},"26":{"start":{"line":47,"column":0},"end":{"line":47,"column":21}}},"fnMap":{"0":{"name":"(anonymous_0)","decl":{"start":{"line":32,"column":8},"end":{"line":32,"column":9}},"loc":{"start":{"line":32,"column":34},"end":{"line":34,"column":1}},"line":32},"1":{"name":"(anonymous_1)","decl":{"start":{"line":37,"column":8},"end":{"line":37,"column":9}},"loc":{"start":{"line":37,"column":39},"end":{"line":45,"column":1}},"line":37}},"branchMap":{"0":{"loc":{"start":{"line":38,"column":2},"end":{"line":38,"column":64}},"type":"if","locations":[{"start":{"line":38,"column":2},"end":{"line":38,"column":64}},{"start":{"line":38,"column":2},"end":{"line":38,"column":64}}],"line":38},"1":{"loc":{"start":{"line":39,"column":17},"end":{"line":39,"column":34}},"type":"binary-expr","locations":[{"start":{"line":39,"column":17},"end":{"line":39,"column":27}},{"start":{"line":39,"column":31},"end":{"line":39,"column":34}}],"line":39}},"s":{"0":5,"1":5,"2":5,"3":5,"4":5,"5":5,"6":5,"7":5,"8":5,"9":5,"10":5,"11":5,"12":5,"13":5,"14":5,"15":5,"16":5,"17":5,"18":5,"19":3,"20":5,"21":56,"22":1,"23":56,"24":56,"25":56,"26":5},"f":{"0":3,"1":56},"b":{"0":[1,55],"1":[56,2]},"_coverageSchema":"1a1c01bbd47fc00a2c39e90264f33305004495a9","hash":"061fa511d17acf0619fb11cffc2877090f404b5a"}
,"/Users/jessebrink/springboard/unit37/express-jobly/config.js": {"path":"/Users/jessebrink/springboard/unit37/express-jobly/config.js","statementMap":{"0":{"start":{"line":5,"column":0},"end":{"line":5,"column":27}},"1":{"start":{"line":6,"column":0},"end":{"line":6,"column":18}},"2":{"start":{"line":8,"column":19},"end":{"line":8,"column":57}},"3":{"start":{"line":10,"column":13},"end":{"line":10,"column":38}},"4":{"start":{"line":14,"column":2},"end":{"line":16,"column":44}},"5":{"start":{"line":22,"column":27},"end":{"line":22,"column":67}},"6":{"start":{"line":24,"column":0},"end":{"line":24,"column":35}},"7":{"start":{"line":25,"column":0},"end":{"line":25,"column":46}},"8":{"start":{"line":26,"column":0},"end":{"line":26,"column":45}},"9":{"start":{"line":27,"column":0},"end":{"line":27,"column":61}},"10":{"start":{"line":28,"column":0},"end":{"line":28,"column":50}},"11":{"start":{"line":29,"column":0},"end":{"line":29,"column":19}},"12":{"start":{"line":31,"column":0},"end":{"line":36,"column":2}}},"fnMap":{"0":{"name":"getDatabaseUri","decl":{"start":{"line":13,"column":9},"end":{"line":13,"column":23}},"loc":{"start":{"line":13,"column":26},"end":{"line":17,"column":1}},"line":13}},"branchMap":{"0":{"loc":{"start":{"line":8,"column":19},"end":{"line":8,"column":57}},"type":"binary-expr","locations":[{"start":{"line":8,"column":19},"end":{"line":8,"column":41}},{"start":{"line":8,"column":45},"end":{"line":8,"column":57}}],"line":8},"1":{"loc":{"start":{"line":10,"column":13},"end":{"line":10,"column":38}},"type":"binary-expr","locations":[{"start":{"line":10,"column":13},"end":{"line":10,"column":30}},{"start":{"line":10,"column":34},"end":{"line":10,"column":38}}],"line":10},"2":{"loc":{"start":{"line":14,"column":9},"end":{"line":16,"column":43}},"type":"cond-expr","locations":[{"start":{"line":15,"column":8},"end":{"line":15,"column":20}},{"start":{"line":16,"column":8},"end":{"line":16,"column":43}}],"line":14},"3":{"loc":{"start":{"line":16,"column":8},"end":{"line":16,"column":43}},"type":"binary-expr","locations":[{"start":{"line":16,"column":8},"end":{"line":16,"column":32}},{"start":{"line":16,"column":36},"end":{"line":16,"column":43}}],"line":16},"4":{"loc":{"start":{"line":22,"column":27},"end":{"line":22,"column":67}},"type":"cond-expr","locations":[{"start":{"line":22,"column":61},"end":{"line":22,"column":62}},{"start":{"line":22,"column":65},"end":{"line":22,"column":67}}],"line":22}},"s":{"0":12,"1":12,"2":12,"3":12,"4":24,"5":12,"6":12,"7":12,"8":12,"9":12,"10":12,"11":12,"12":12},"f":{"0":24},"b":{"0":[12,11],"1":[12,11],"2":[21,3],"3":[3,1],"4":[11,1]},"_coverageSchema":"1a1c01bbd47fc00a2c39e90264f33305004495a9","hash":"13e89d2bc5bba9abcea5b1db3b0ce091e597f3cf"}
,"/Users/jessebrink/springboard/unit37/express-jobly/db.js": {"path":"/Users/jessebrink/springboard/unit37/express-jobly/db.js","statementMap":{"0":{"start":{"line":3,"column":19},"end":{"line":3,"column":32}},"1":{"start":{"line":4,"column":27},"end":{"line":4,"column":46}},"2":{"start":{"line":8,"column":0},"end":{"line":19,"column":1}},"3":{"start":{"line":9,"column":2},"end":{"line":14,"column":5}},"4":{"start":{"line":16,"column":2},"end":{"line":18,"column":5}},"5":{"start":{"line":21,"column":0},"end":{"line":21,"column":13}},"6":{"start":{"line":23,"column":0},"end":{"line":23,"column":20}}},"fnMap":{},"branchMap":{"0":{"loc":{"start":{"line":8,"column":0},"end":{"line":19,"column":1}},"type":"if","locations":[{"start":{"line":8,"column":0},"end":{"line":19,"column":1}},{"start":{"line":8,"column":0},"end":{"line":19,"column":1}}],"line":8}},"s":{"0":9,"1":9,"2":9,"3":0,"4":9,"5":9,"6":9},"f":{},"b":{"0":[0,9]},"_coverageSchema":"1a1c01bbd47fc00a2c39e90264f33305004495a9","hash":"b0a6a2b0b9dc580465f807daa77b39308bd696e4"}
,"/Users/jessebrink/springboard/unit37/express-jobly/expressError.js": {"path":"/Users/jessebrink/springboard/unit37/express-jobly/expressError.js","statementMap":{"0":{"start":{"line":9,"column":4},"end":{"line":9,"column":12}},"1":{"start":{"line":10,"column":4},"end":{"line":10,"column":27}},"2":{"start":{"line":11,"column":4},"end":{"line":11,"column":25}},"3":{"start":{"line":19,"column":4},"end":{"line":19,"column":24}},"4":{"start":{"line":27,"column":4},"end":{"line":27,"column":24}},"5":{"start":{"line":35,"column":4},"end":{"line":35,"column":24}},"6":{"start":{"line":43,"column":4},"end":{"line":43,"column":24}},"7":{"start":{"line":47,"column":0},"end":{"line":53,"column":2}}},"fnMap":{"0":{"name":"(anonymous_0)","decl":{"start":{"line":8,"column":2},"end":{"line":8,"column":3}},"loc":{"start":{"line":8,"column":31},"end":{"line":12,"column":3}},"line":8},"1":{"name":"(anonymous_1)","decl":{"start":{"line":18,"column":2},"end":{"line":18,"column":3}},"loc":{"start":{"line":18,"column":37},"end":{"line":20,"column":3}},"line":18},"2":{"name":"(anonymous_2)","decl":{"start":{"line":26,"column":2},"end":{"line":26,"column":3}},"loc":{"start":{"line":26,"column":40},"end":{"line":28,"column":3}},"line":26},"3":{"name":"(anonymous_3)","decl":{"start":{"line":34,"column":2},"end":{"line":34,"column":3}},"loc":{"start":{"line":34,"column":39},"end":{"line":36,"column":3}},"line":34},"4":{"name":"(anonymous_4)","decl":{"start":{"line":42,"column":2},"end":{"line":42,"column":3}},"loc":{"start":{"line":42,"column":39},"end":{"line":44,"column":3}},"line":42}},"branchMap":{"0":{"loc":{"start":{"line":18,"column":14},"end":{"line":18,"column":35}},"type":"default-arg","locations":[{"start":{"line":18,"column":24},"end":{"line":18,"column":35}}],"line":18},"1":{"loc":{"start":{"line":26,"column":14},"end":{"line":26,"column":38}},"type":"default-arg","locations":[{"start":{"line":26,"column":24},"end":{"line":26,"column":38}}],"line":26},"2":{"loc":{"start":{"line":34,"column":14},"end":{"line":34,"column":37}},"type":"default-arg","locations":[{"start":{"line":34,"column":24},"end":{"line":34,"column":37}}],"line":34},"3":{"loc":{"start":{"line":42,"column":14},"end":{"line":42,"column":37}},"type":"default-arg","locations":[{"start":{"line":42,"column":24},"end":{"line":42,"column":37}}],"line":42}},"s":{"0":75,"1":75,"2":75,"3":21,"4":26,"5":28,"6":0,"7":10},"f":{"0":75,"1":21,"2":26,"3":28,"4":0},"b":{"0":[3],"1":[22],"2":[0],"3":[0]},"_coverageSchema":"1a1c01bbd47fc00a2c39e90264f33305004495a9","hash":"8e148c98be403b8e73dc95a44a19d226a923d1c1"}
,"/Users/jessebrink/springboard/unit37/express-jobly/helpers/sql.js": {"path":"/Users/jessebrink/springboard/unit37/express-jobly/helpers/sql.js","statementMap":{"0":{"start":{"line":1,"column":28},"end":{"line":1,"column":54}},"1":{"start":{"line":25,"column":15},"end":{"line":25,"column":40}},"2":{"start":{"line":26,"column":2},"end":{"line":26,"column":62}},"3":{"start":{"line":26,"column":25},"end":{"line":26,"column":62}},"4":{"start":{"line":29,"column":15},"end":{"line":33,"column":3}},"5":{"start":{"line":32,"column":6},"end":{"line":32,"column":52}},"6":{"start":{"line":35,"column":2},"end":{"line":38,"column":4}},"7":{"start":{"line":41,"column":0},"end":{"line":41,"column":41}}},"fnMap":{"0":{"name":"sqlForPartialUpdate","decl":{"start":{"line":24,"column":9},"end":{"line":24,"column":28}},"loc":{"start":{"line":24,"column":52},"end":{"line":39,"column":1}},"line":24},"1":{"name":"(anonymous_1)","decl":{"start":{"line":29,"column":24},"end":{"line":29,"column":25}},"loc":{"start":{"line":32,"column":6},"end":{"line":32,"column":52}},"line":32}},"branchMap":{"0":{"loc":{"start":{"line":26,"column":2},"end":{"line":26,"column":62}},"type":"if","locations":[{"start":{"line":26,"column":2},"end":{"line":26,"column":62}},{"start":{"line":26,"column":2},"end":{"line":26,"column":62}}],"line":26},"1":{"loc":{"start":{"line":32,"column":10},"end":{"line":32,"column":37}},"type":"binary-expr","locations":[{"start":{"line":32,"column":10},"end":{"line":32,"column":26}},{"start":{"line":32,"column":30},"end":{"line":32,"column":37}}],"line":32}},"s":{"0":9,"1":21,"2":21,"3":3,"4":18,"5":38,"6":18,"7":9},"f":{"0":21,"1":38},"b":{"0":[3,18],"1":[38,20]},"_coverageSchema":"1a1c01bbd47fc00a2c39e90264f33305004495a9","hash":"4cc3838aef61550566d0930bb735f656d8a2c794"}
,"/Users/jessebrink/springboard/unit37/express-jobly/helpers/tokens.js": {"path":"/Users/jessebrink/springboard/unit37/express-jobly/helpers/tokens.js","statementMap":{"0":{"start":{"line":1,"column":12},"end":{"line":1,"column":35}},"1":{"start":{"line":2,"column":23},"end":{"line":2,"column":43}},"2":{"start":{"line":7,"column":2},"end":{"line":8,"column":58}},"3":{"start":{"line":10,"column":16},"end":{"line":13,"column":3}},"4":{"start":{"line":15,"column":2},"end":{"line":15,"column":39}},"5":{"start":{"line":18,"column":0},"end":{"line":18,"column":33}}},"fnMap":{"0":{"name":"createToken","decl":{"start":{"line":6,"column":9},"end":{"line":6,"column":20}},"loc":{"start":{"line":6,"column":27},"end":{"line":16,"column":1}},"line":6}},"branchMap":{"0":{"loc":{"start":{"line":12,"column":13},"end":{"line":12,"column":34}},"type":"binary-expr","locations":[{"start":{"line":12,"column":13},"end":{"line":12,"column":25}},{"start":{"line":12,"column":29},"end":{"line":12,"column":34}}],"line":12}},"s":{"0":6,"1":6,"2":11,"3":11,"4":11,"5":6},"f":{"0":11},"b":{"0":[11,9]},"_coverageSchema":"1a1c01bbd47fc00a2c39e90264f33305004495a9","hash":"e1a1c07c4f0a7551a8f0e871408a21d60c85937c"}
,"/Users/jessebrink/springboard/unit37/express-jobly/middleware/auth.js": {"path":"/Users/jessebrink/springboard/unit37/express-jobly/middleware/auth.js","statementMap":{"0":{"start":{"line":5,"column":12},"end":{"line":5,"column":35}},"1":{"start":{"line":6,"column":23},"end":{"line":6,"column":43}},"2":{"start":{"line":7,"column":30},"end":{"line":7,"column":56}},"3":{"start":{"line":19,"column":2},"end":{"line":28,"column":3}},"4":{"start":{"line":20,"column":23},"end":{"line":20,"column":63}},"5":{"start":{"line":21,"column":4},"end":{"line":24,"column":5}},"6":{"start":{"line":22,"column":20},"end":{"line":22,"column":64}},"7":{"start":{"line":23,"column":6},"end":{"line":23,"column":54}},"8":{"start":{"line":25,"column":4},"end":{"line":25,"column":18}},"9":{"start":{"line":27,"column":4},"end":{"line":27,"column":18}},"10":{"start":{"line":37,"column":2},"end":{"line":42,"column":3}},"11":{"start":{"line":38,"column":4},"end":{"line":38,"column":56}},"12":{"start":{"line":38,"column":26},"end":{"line":38,"column":56}},"13":{"start":{"line":39,"column":4},"end":{"line":39,"column":18}},"14":{"start":{"line":41,"column":4},"end":{"line":41,"column":21}},"15":{"start":{"line":52,"column":2},"end":{"line":58,"column":3}},"16":{"start":{"line":53,"column":4},"end":{"line":53,"column":56}},"17":{"start":{"line":53,"column":26},"end":{"line":53,"column":56}},"18":{"start":{"line":54,"column":4},"end":{"line":54,"column":64}},"19":{"start":{"line":54,"column":34},"end":{"line":54,"column":64}},"20":{"start":{"line":55,"column":4},"end":{"line":55,"column":18}},"21":{"start":{"line":57,"column":4},"end":{"line":57,"column":21}},"22":{"start":{"line":69,"column":2},"end":{"line":77,"column":3}},"23":{"start":{"line":70,"column":4},"end":{"line":70,"column":56}},"24":{"start":{"line":70,"column":26},"end":{"line":70,"column":56}},"25":{"start":{"line":71,"column":4},"end":{"line":73,"column":5}},"26":{"start":{"line":72,"column":6},"end":{"line":72,"column":36}},"27":{"start":{"line":74,"column":4},"end":{"line":74,"column":18}},"28":{"start":{"line":76,"column":4},"end":{"line":76,"column":21}},"29":{"start":{"line":81,"column":0},"end":{"line":86,"column":2}}},"fnMap":{"0":{"name":"authenticateJWT","decl":{"start":{"line":18,"column":9},"end":{"line":18,"column":24}},"loc":{"start":{"line":18,"column":41},"end":{"line":29,"column":1}},"line":18},"1":{"name":"ensureLoggedIn","decl":{"start":{"line":36,"column":9},"end":{"line":36,"column":23}},"loc":{"start":{"line":36,"column":40},"end":{"line":43,"column":1}},"line":36},"2":{"name":"ensureLoggedInAndIsAdmin","decl":{"start":{"line":51,"column":9},"end":{"line":51,"column":33}},"loc":{"start":{"line":51,"column":50},"end":{"line":59,"column":1}},"line":51},"3":{"name":"ensureLoggedInIsAdminOrUser","decl":{"start":{"line":68,"column":9},"end":{"line":68,"column":36}},"loc":{"start":{"line":68,"column":53},"end":{"line":78,"column":1}},"line":68}},"branchMap":{"0":{"loc":{"start":{"line":20,"column":23},"end":{"line":20,"column":63}},"type":"binary-expr","locations":[{"start":{"line":20,"column":23},"end":{"line":20,"column":34}},{"start":{"line":20,"column":38},"end":{"line":20,"column":63}}],"line":20},"1":{"loc":{"start":{"line":21,"column":4},"end":{"line":24,"column":5}},"type":"if","locations":[{"start":{"line":21,"column":4},"end":{"line":24,"column":5}},{"start":{"line":21,"column":4},"end":{"line":24,"column":5}}],"line":21},"2":{"loc":{"start":{"line":38,"column":4},"end":{"line":38,"column":56}},"type":"if","locations":[{"start":{"line":38,"column":4},"end":{"line":38,"column":56}},{"start":{"line":38,"column":4},"end":{"line":38,"column":56}}],"line":38},"3":{"loc":{"start":{"line":53,"column":4},"end":{"line":53,"column":56}},"type":"if","locations":[{"start":{"line":53,"column":4},"end":{"line":53,"column":56}},{"start":{"line":53,"column":4},"end":{"line":53,"column":56}}],"line":53},"4":{"loc":{"start":{"line":54,"column":4},"end":{"line":54,"column":64}},"type":"if","locations":[{"start":{"line":54,"column":4},"end":{"line":54,"column":64}},{"start":{"line":54,"column":4},"end":{"line":54,"column":64}}],"line":54},"5":{"loc":{"start":{"line":70,"column":4},"end":{"line":70,"column":56}},"type":"if","locations":[{"start":{"line":70,"column":4},"end":{"line":70,"column":56}},{"start":{"line":70,"column":4},"end":{"line":70,"column":56}}],"line":70},"6":{"loc":{"start":{"line":71,"column":4},"end":{"line":73,"column":5}},"type":"if","locations":[{"start":{"line":71,"column":4},"end":{"line":73,"column":5}},{"start":{"line":71,"column":4},"end":{"line":73,"column":5}}],"line":71},"7":{"loc":{"start":{"line":71,"column":8},"end":{"line":71,"column":84}},"type":"binary-expr","locations":[{"start":{"line":71,"column":8},"end":{"line":71,"column":56}},{"start":{"line":71,"column":60},"end":{"line":71,"column":84}}],"line":71}},"s":{"0":6,"1":6,"2":6,"3":89,"4":89,"5":89,"6":52,"7":52,"8":88,"9":1,"10":2,"11":2,"12":1,"13":1,"14":1,"15":38,"16":38,"17":6,"18":32,"19":8,"20":24,"21":14,"22":20,"23":20,"24":3,"25":17,"26":4,"27":13,"28":7,"29":6},"f":{"0":89,"1":2,"2":38,"3":20},"b":{"0":[89,88],"1":[52,37],"2":[1,1],"3":[6,32],"4":[8,24],"5":[3,17],"6":[4,13],"7":[17,11]},"_coverageSchema":"1a1c01bbd47fc00a2c39e90264f33305004495a9","hash":"53b935473fbf186f799d0cdc500670fb200563e4"}
,"/Users/jessebrink/springboard/unit37/express-jobly/models/_testCommon.js": {"path":"/Users/jessebrink/springboard/unit37/express-jobly/models/_testCommon.js","statementMap":{"0":{"start":{"line":1,"column":15},"end":{"line":1,"column":32}},"1":{"start":{"line":3,"column":11},"end":{"line":3,"column":30}},"2":{"start":{"line":4,"column":31},"end":{"line":4,"column":51}},"3":{"start":{"line":8,"column":2},"end":{"line":8,"column":42}},"4":{"start":{"line":10,"column":2},"end":{"line":10,"column":38}},"5":{"start":{"line":12,"column":2},"end":{"line":16,"column":55}},"6":{"start":{"line":18,"column":2},"end":{"line":30,"column":9}},"7":{"start":{"line":34,"column":2},"end":{"line":34,"column":26}},"8":{"start":{"line":38,"column":2},"end":{"line":38,"column":29}},"9":{"start":{"line":42,"column":2},"end":{"line":42,"column":17}},"10":{"start":{"line":46,"column":0},"end":{"line":51,"column":2}}},"fnMap":{"0":{"name":"commonBeforeAll","decl":{"start":{"line":6,"column":15},"end":{"line":6,"column":30}},"loc":{"start":{"line":6,"column":33},"end":{"line":31,"column":1}},"line":6},"1":{"name":"commonBeforeEach","decl":{"start":{"line":33,"column":15},"end":{"line":33,"column":31}},"loc":{"start":{"line":33,"column":34},"end":{"line":35,"column":1}},"line":33},"2":{"name":"commonAfterEach","decl":{"start":{"line":37,"column":15},"end":{"line":37,"column":30}},"loc":{"start":{"line":37,"column":33},"end":{"line":39,"column":1}},"line":37},"3":{"name":"commonAfterAll","decl":{"start":{"line":41,"column":15},"end":{"line":41,"column":29}},"loc":{"start":{"line":41,"column":32},"end":{"line":43,"column":1}},"line":41}},"branchMap":{},"s":{"0":2,"1":2,"2":2,"3":2,"4":2,"5":2,"6":2,"7":33,"8":33,"9":2,"10":2},"f":{"0":2,"1":33,"2":33,"3":2},"b":{},"_coverageSchema":"1a1c01bbd47fc00a2c39e90264f33305004495a9","hash":"9c8b110b0292095d1df231a0dac70fb82564724a"}
,"/Users/jessebrink/springboard/unit37/express-jobly/models/company.js": {"path":"/Users/jessebrink/springboard/unit37/express-jobly/models/company.js","statementMap":{"0":{"start":{"line":3,"column":11},"end":{"line":3,"column":27}},"1":{"start":{"line":4,"column":43},"end":{"line":4,"column":69}},"2":{"start":{"line":5,"column":32},"end":{"line":5,"column":57}},"3":{"start":{"line":21,"column":4},"end":{"line":21,"column":56}},"4":{"start":{"line":21,"column":24},"end":{"line":21,"column":56}},"5":{"start":{"line":22,"column":4},"end":{"line":22,"column":67}},"6":{"start":{"line":22,"column":32},"end":{"line":22,"column":67}},"7":{"start":{"line":23,"column":4},"end":{"line":23,"column":67}},"8":{"start":{"line":23,"column":32},"end":{"line":23,"column":67}},"9":{"start":{"line":38,"column":24},"end":{"line":38,"column":64}},"10":{"start":{"line":39,"column":24},"end":{"line":39,"column":71}},"11":{"start":{"line":39,"column":41},"end":{"line":39,"column":70}},"12":{"start":{"line":40,"column":4},"end":{"line":41,"column":94}},"13":{"start":{"line":40,"column":28},"end":{"line":41,"column":94}},"14":{"start":{"line":42,"column":4},"end":{"line":48,"column":5}},"15":{"start":{"line":43,"column":18},"end":{"line":43,"column":46}},"16":{"start":{"line":44,"column":18},"end":{"line":44,"column":46}},"17":{"start":{"line":45,"column":6},"end":{"line":47,"column":7}},"18":{"start":{"line":46,"column":8},"end":{"line":46,"column":87}},"19":{"start":{"line":61,"column":27},"end":{"line":65,"column":17}},"20":{"start":{"line":67,"column":4},"end":{"line":68,"column":64}},"21":{"start":{"line":68,"column":6},"end":{"line":68,"column":64}},"22":{"start":{"line":70,"column":19},"end":{"line":82,"column":5}},"23":{"start":{"line":83,"column":20},"end":{"line":83,"column":34}},"24":{"start":{"line":85,"column":4},"end":{"line":85,"column":19}},"25":{"start":{"line":107,"column":17},"end":{"line":107,"column":35}},"26":{"start":{"line":108,"column":4},"end":{"line":108,"column":41}},"27":{"start":{"line":109,"column":20},"end":{"line":109,"column":105}},"28":{"start":{"line":109,"column":43},"end":{"line":109,"column":90}},"29":{"start":{"line":111,"column":4},"end":{"line":113,"column":5}},"30":{"start":{"line":112,"column":6},"end":{"line":112,"column":37}},"31":{"start":{"line":115,"column":19},"end":{"line":115,"column":39}},"32":{"start":{"line":116,"column":22},"end":{"line":116,"column":66}},"33":{"start":{"line":118,"column":25},"end":{"line":126,"column":36}},"34":{"start":{"line":127,"column":4},"end":{"line":127,"column":29}},"35":{"start":{"line":139,"column":23},"end":{"line":147,"column":17}},"36":{"start":{"line":149,"column":20},"end":{"line":149,"column":38}},"37":{"start":{"line":151,"column":4},"end":{"line":151,"column":67}},"38":{"start":{"line":151,"column":18},"end":{"line":151,"column":67}},"39":{"start":{"line":153,"column":4},"end":{"line":153,"column":19}},"40":{"start":{"line":169,"column":32},"end":{"line":174,"column":10}},"41":{"start":{"line":175,"column":25},"end":{"line":175,"column":50}},"42":{"start":{"line":177,"column":21},"end":{"line":184,"column":54}},"43":{"start":{"line":185,"column":19},"end":{"line":185,"column":64}},"44":{"start":{"line":186,"column":20},"end":{"line":186,"column":34}},"45":{"start":{"line":188,"column":4},"end":{"line":188,"column":67}},"46":{"start":{"line":188,"column":18},"end":{"line":188,"column":67}},"47":{"start":{"line":190,"column":4},"end":{"line":190,"column":19}},"48":{"start":{"line":199,"column":19},"end":{"line":204,"column":17}},"49":{"start":{"line":205,"column":20},"end":{"line":205,"column":34}},"50":{"start":{"line":207,"column":4},"end":{"line":207,"column":67}},"51":{"start":{"line":207,"column":18},"end":{"line":207,"column":67}},"52":{"start":{"line":212,"column":0},"end":{"line":212,"column":25}}},"fnMap":{"0":{"name":"(anonymous_0)","decl":{"start":{"line":20,"column":2},"end":{"line":20,"column":3}},"loc":{"start":{"line":20,"column":52},"end":{"line":24,"column":3}},"line":20},"1":{"name":"(anonymous_1)","decl":{"start":{"line":37,"column":2},"end":{"line":37,"column":3}},"loc":{"start":{"line":37,"column":41},"end":{"line":49,"column":3}},"line":37},"2":{"name":"(anonymous_2)","decl":{"start":{"line":39,"column":36},"end":{"line":39,"column":37}},"loc":{"start":{"line":39,"column":41},"end":{"line":39,"column":70}},"line":39},"3":{"name":"(anonymous_3)","decl":{"start":{"line":60,"column":2},"end":{"line":60,"column":3}},"loc":{"start":{"line":60,"column":76},"end":{"line":86,"column":3}},"line":60},"4":{"name":"(anonymous_4)","decl":{"start":{"line":106,"column":2},"end":{"line":106,"column":3}},"loc":{"start":{"line":106,"column":35},"end":{"line":128,"column":3}},"line":106},"5":{"name":"(anonymous_5)","decl":{"start":{"line":109,"column":29},"end":{"line":109,"column":30}},"loc":{"start":{"line":109,"column":43},"end":{"line":109,"column":90}},"line":109},"6":{"name":"(anonymous_6)","decl":{"start":{"line":138,"column":2},"end":{"line":138,"column":3}},"loc":{"start":{"line":138,"column":27},"end":{"line":154,"column":3}},"line":138},"7":{"name":"(anonymous_7)","decl":{"start":{"line":168,"column":2},"end":{"line":168,"column":3}},"loc":{"start":{"line":168,"column":36},"end":{"line":191,"column":3}},"line":168},"8":{"name":"(anonymous_8)","decl":{"start":{"line":198,"column":2},"end":{"line":198,"column":3}},"loc":{"start":{"line":198,"column":30},"end":{"line":208,"column":3}},"line":198}},"branchMap":{"0":{"loc":{"start":{"line":21,"column":4},"end":{"line":21,"column":56}},"type":"if","locations":[{"start":{"line":21,"column":4},"end":{"line":21,"column":56}},{"start":{"line":21,"column":4},"end":{"line":21,"column":56}}],"line":21},"1":{"loc":{"start":{"line":22,"column":4},"end":{"line":22,"column":67}},"type":"if","locations":[{"start":{"line":22,"column":4},"end":{"line":22,"column":67}},{"start":{"line":22,"column":4},"end":{"line":22,"column":67}}],"line":22},"2":{"loc":{"start":{"line":23,"column":4},"end":{"line":23,"column":67}},"type":"if","locations":[{"start":{"line":23,"column":4},"end":{"line":23,"column":67}},{"start":{"line":23,"column":4},"end":{"line":23,"column":67}}],"line":23},"3":{"loc":{"start":{"line":40,"column":4},"end":{"line":41,"column":94}},"type":"if","locations":[{"start":{"line":40,"column":4},"end":{"line":41,"column":94}},{"start":{"line":40,"column":4},"end":{"line":41,"column":94}}],"line":40},"4":{"loc":{"start":{"line":42,"column":4},"end":{"line":48,"column":5}},"type":"if","locations":[{"start":{"line":42,"column":4},"end":{"line":48,"column":5}},{"start":{"line":42,"column":4},"end":{"line":48,"column":5}}],"line":42},"5":{"loc":{"start":{"line":42,"column":8},"end":{"line":42,"column":48}},"type":"binary-expr","locations":[{"start":{"line":42,"column":8},"end":{"line":42,"column":26}},{"start":{"line":42,"column":30},"end":{"line":42,"column":48}}],"line":42},"6":{"loc":{"start":{"line":45,"column":6},"end":{"line":47,"column":7}},"type":"if","locations":[{"start":{"line":45,"column":6},"end":{"line":47,"column":7}},{"start":{"line":45,"column":6},"end":{"line":47,"column":7}}],"line":45},"7":{"loc":{"start":{"line":67,"column":4},"end":{"line":68,"column":64}},"type":"if","locations":[{"start":{"line":67,"column":4},"end":{"line":68,"column":64}},{"start":{"line":67,"column":4},"end":{"line":68,"column":64}}],"line":67},"8":{"loc":{"start":{"line":106,"column":23},"end":{"line":106,"column":33}},"type":"default-arg","locations":[{"start":{"line":106,"column":31},"end":{"line":106,"column":33}}],"line":106},"9":{"loc":{"start":{"line":111,"column":4},"end":{"line":113,"column":5}},"type":"if","locations":[{"start":{"line":111,"column":4},"end":{"line":113,"column":5}},{"start":{"line":111,"column":4},"end":{"line":113,"column":5}}],"line":111},"10":{"loc":{"start":{"line":116,"column":22},"end":{"line":116,"column":66}},"type":"cond-expr","locations":[{"start":{"line":116,"column":41},"end":{"line":116,"column":61}},{"start":{"line":116,"column":64},"end":{"line":116,"column":66}}],"line":116},"11":{"loc":{"start":{"line":151,"column":4},"end":{"line":151,"column":67}},"type":"if","locations":[{"start":{"line":151,"column":4},"end":{"line":151,"column":67}},{"start":{"line":151,"column":4},"end":{"line":151,"column":67}}],"line":151},"12":{"loc":{"start":{"line":188,"column":4},"end":{"line":188,"column":67}},"type":"if","locations":[{"start":{"line":188,"column":4},"end":{"line":188,"column":67}},{"start":{"line":188,"column":4},"end":{"line":188,"column":67}}],"line":188},"13":{"loc":{"start":{"line":207,"column":4},"end":{"line":207,"column":67}},"type":"if","locations":[{"start":{"line":207,"column":4},"end":{"line":207,"column":67}},{"start":{"line":207,"column":4},"end":{"line":207,"column":67}}],"line":207}},"s":{"0":6,"1":6,"2":6,"3":12,"4":5,"5":7,"6":4,"7":3,"8":3,"9":13,"10":13,"11":24,"12":13,"13":2,"14":11,"15":4,"16":4,"17":4,"18":2,"19":13,"20":13,"21":1,"22":12,"23":12,"24":12,"25":11,"26":11,"27":9,"28":12,"29":9,"30":5,"31":9,"32":9,"33":9,"34":8,"35":5,"36":5,"37":5,"38":2,"39":3,"40":6,"41":5,"42":5,"43":5,"44":5,"45":5,"46":2,"47":3,"48":4,"49":4,"50":4,"51":2,"52":6},"f":{"0":12,"1":13,"2":24,"3":13,"4":11,"5":12,"6":5,"7":6,"8":4},"b":{"0":[5,7],"1":[4,3],"2":[3,0],"3":[2,11],"4":[4,7],"5":[11,6],"6":[2,2],"7":[1,12],"8":[1],"9":[5,4],"10":[6,3],"11":[2,3],"12":[2,3],"13":[2,2]},"_coverageSchema":"1a1c01bbd47fc00a2c39e90264f33305004495a9","hash":"0219af21c200383fe97d33f898ad4a5900c83120"}
,"/Users/jessebrink/springboard/unit37/express-jobly/models/job.js": {"path":"/Users/jessebrink/springboard/unit37/express-jobly/models/job.js","statementMap":{"0":{"start":{"line":3,"column":11},"end":{"line":3,"column":27}},"1":{"start":{"line":4,"column":15},"end":{"line":4,"column":32}},"2":{"start":{"line":5,"column":32},"end":{"line":5,"column":57}},"3":{"start":{"line":10,"column":4},"end":{"line":10,"column":30}},"4":{"start":{"line":12,"column":31},"end":{"line":12,"column":54}},"5":{"start":{"line":28,"column":22},"end":{"line":28,"column":81}},"6":{"start":{"line":30,"column":4},"end":{"line":30,"column":57}},"7":{"start":{"line":30,"column":25},"end":{"line":30,"column":57}},"8":{"start":{"line":31,"column":4},"end":{"line":31,"column":57}},"9":{"start":{"line":31,"column":29},"end":{"line":31,"column":57}},"10":{"start":{"line":32,"column":4},"end":{"line":32,"column":67}},"11":{"start":{"line":32,"column":29},"end":{"line":32,"column":67}},"12":{"start":{"line":47,"column":24},"end":{"line":47,"column":59}},"13":{"start":{"line":48,"column":24},"end":{"line":48,"column":71}},"14":{"start":{"line":48,"column":41},"end":{"line":48,"column":70}},"15":{"start":{"line":49,"column":4},"end":{"line":50,"column":94}},"16":{"start":{"line":49,"column":28},"end":{"line":50,"column":94}},"17":{"start":{"line":70,"column":19},"end":{"line":77,"column":5}},"18":{"start":{"line":79,"column":19},"end":{"line":79,"column":33}},"19":{"start":{"line":80,"column":4},"end":{"line":80,"column":18}},"20":{"start":{"line":94,"column":17},"end":{"line":94,"column":35}},"21":{"start":{"line":95,"column":4},"end":{"line":95,"column":34}},"22":{"start":{"line":97,"column":20},"end":{"line":97,"column":112}},"23":{"start":{"line":97,"column":43},"end":{"line":97,"column":97}},"24":{"start":{"line":98,"column":22},"end":{"line":98,"column":66}},"25":{"start":{"line":100,"column":4},"end":{"line":100,"column":54}},"26":{"start":{"line":100,"column":21},"end":{"line":100,"column":54}},"27":{"start":{"line":102,"column":19},"end":{"line":102,"column":101}},"28":{"start":{"line":102,"column":52},"end":{"line":102,"column":100}},"29":{"start":{"line":103,"column":4},"end":{"line":103,"column":56}},"30":{"start":{"line":103,"column":39},"end":{"line":103,"column":56}},"31":{"start":{"line":105,"column":20},"end":{"line":111,"column":5}},"32":{"start":{"line":113,"column":4},"end":{"line":113,"column":24}},"33":{"start":{"line":128,"column":19},"end":{"line":133,"column":5}},"34":{"start":{"line":135,"column":16},"end":{"line":135,"column":30}},"35":{"start":{"line":136,"column":4},"end":{"line":136,"column":83}},"36":{"start":{"line":136,"column":14},"end":{"line":136,"column":83}},"37":{"start":{"line":137,"column":4},"end":{"line":137,"column":15}},"38":{"start":{"line":155,"column":32},"end":{"line":159,"column":8}},"39":{"start":{"line":160,"column":25},"end":{"line":160,"column":50}},"40":{"start":{"line":162,"column":21},"end":{"line":168,"column":64}},"41":{"start":{"line":169,"column":19},"end":{"line":169,"column":63}},"42":{"start":{"line":170,"column":16},"end":{"line":170,"column":30}},"43":{"start":{"line":172,"column":4},"end":{"line":172,"column":62}},"44":{"start":{"line":172,"column":14},"end":{"line":172,"column":62}},"45":{"start":{"line":174,"column":4},"end":{"line":174,"column":15}},"46":{"start":{"line":189,"column":19},"end":{"line":194,"column":16}},"47":{"start":{"line":195,"column":16},"end":{"line":195,"column":30}},"48":{"start":{"line":197,"column":4},"end":{"line":197,"column":62}},"49":{"start":{"line":197,"column":14},"end":{"line":197,"column":62}},"50":{"start":{"line":201,"column":0},"end":{"line":201,"column":21}}},"fnMap":{"0":{"name":"(anonymous_0)","decl":{"start":{"line":27,"column":2},"end":{"line":27,"column":3}},"loc":{"start":{"line":27,"column":59},"end":{"line":33,"column":3}},"line":27},"1":{"name":"(anonymous_1)","decl":{"start":{"line":46,"column":2},"end":{"line":46,"column":3}},"loc":{"start":{"line":46,"column":34},"end":{"line":51,"column":3}},"line":46},"2":{"name":"(anonymous_2)","decl":{"start":{"line":48,"column":36},"end":{"line":48,"column":37}},"loc":{"start":{"line":48,"column":41},"end":{"line":48,"column":70}},"line":48},"3":{"name":"(anonymous_3)","decl":{"start":{"line":69,"column":2},"end":{"line":69,"column":3}},"loc":{"start":{"line":69,"column":64},"end":{"line":81,"column":3}},"line":69},"4":{"name":"(anonymous_4)","decl":{"start":{"line":93,"column":2},"end":{"line":93,"column":3}},"loc":{"start":{"line":93,"column":35},"end":{"line":114,"column":3}},"line":93},"5":{"name":"(anonymous_5)","decl":{"start":{"line":97,"column":29},"end":{"line":97,"column":30}},"loc":{"start":{"line":97,"column":43},"end":{"line":97,"column":97}},"line":97},"6":{"name":"(anonymous_6)","decl":{"start":{"line":102,"column":47},"end":{"line":102,"column":48}},"loc":{"start":{"line":102,"column":52},"end":{"line":102,"column":100}},"line":102},"7":{"name":"(anonymous_7)","decl":{"start":{"line":127,"column":2},"end":{"line":127,"column":3}},"loc":{"start":{"line":127,"column":26},"end":{"line":138,"column":3}},"line":127},"8":{"name":"(anonymous_8)","decl":{"start":{"line":154,"column":2},"end":{"line":154,"column":3}},"loc":{"start":{"line":154,"column":35},"end":{"line":175,"column":3}},"line":154},"9":{"name":"(anonymous_9)","decl":{"start":{"line":188,"column":2},"end":{"line":188,"column":3}},"loc":{"start":{"line":188,"column":29},"end":{"line":198,"column":3}},"line":188}},"branchMap":{"0":{"loc":{"start":{"line":28,"column":22},"end":{"line":28,"column":81}},"type":"cond-expr","locations":[{"start":{"line":28,"column":72},"end":{"line":28,"column":75}},{"start":{"line":28,"column":78},"end":{"line":28,"column":81}}],"line":28},"1":{"loc":{"start":{"line":28,"column":22},"end":{"line":28,"column":69}},"type":"binary-expr","locations":[{"start":{"line":28,"column":22},"end":{"line":28,"column":49}},{"start":{"line":28,"column":53},"end":{"line":28,"column":69}}],"line":28},"2":{"loc":{"start":{"line":30,"column":4},"end":{"line":30,"column":57}},"type":"if","locations":[{"start":{"line":30,"column":4},"end":{"line":30,"column":57}},{"start":{"line":30,"column":4},"end":{"line":30,"column":57}}],"line":30},"3":{"loc":{"start":{"line":31,"column":4},"end":{"line":31,"column":57}},"type":"if","locations":[{"start":{"line":31,"column":4},"end":{"line":31,"column":57}},{"start":{"line":31,"column":4},"end":{"line":31,"column":57}}],"line":31},"4":{"loc":{"start":{"line":32,"column":4},"end":{"line":32,"column":67}},"type":"if","locations":[{"start":{"line":32,"column":4},"end":{"line":32,"column":67}},{"start":{"line":32,"column":4},"end":{"line":32,"column":67}}],"line":32},"5":{"loc":{"start":{"line":49,"column":4},"end":{"line":50,"column":94}},"type":"if","locations":[{"start":{"line":49,"column":4},"end":{"line":50,"column":94}},{"start":{"line":49,"column":4},"end":{"line":50,"column":94}}],"line":49},"6":{"loc":{"start":{"line":93,"column":23},"end":{"line":93,"column":33}},"type":"default-arg","locations":[{"start":{"line":93,"column":31},"end":{"line":93,"column":33}}],"line":93},"7":{"loc":{"start":{"line":98,"column":22},"end":{"line":98,"column":66}},"type":"cond-expr","locations":[{"start":{"line":98,"column":41},"end":{"line":98,"column":61}},{"start":{"line":98,"column":64},"end":{"line":98,"column":66}}],"line":98},"8":{"loc":{"start":{"line":100,"column":4},"end":{"line":100,"column":54}},"type":"if","locations":[{"start":{"line":100,"column":4},"end":{"line":100,"column":54}},{"start":{"line":100,"column":4},"end":{"line":100,"column":54}}],"line":100},"9":{"loc":{"start":{"line":103,"column":4},"end":{"line":103,"column":56}},"type":"if","locations":[{"start":{"line":103,"column":4},"end":{"line":103,"column":56}},{"start":{"line":103,"column":4},"end":{"line":103,"column":56}}],"line":103},"10":{"loc":{"start":{"line":136,"column":4},"end":{"line":136,"column":83}},"type":"if","locations":[{"start":{"line":136,"column":4},"end":{"line":136,"column":83}},{"start":{"line":136,"column":4},"end":{"line":136,"column":83}}],"line":136},"11":{"loc":{"start":{"line":172,"column":4},"end":{"line":172,"column":62}},"type":"if","locations":[{"start":{"line":172,"column":4},"end":{"line":172,"column":62}},{"start":{"line":172,"column":4},"end":{"line":172,"column":62}}],"line":172},"12":{"loc":{"start":{"line":197,"column":4},"end":{"line":197,"column":62}},"type":"if","locations":[{"start":{"line":197,"column":4},"end":{"line":197,"column":62}},{"start":{"line":197,"column":4},"end":{"line":197,"column":62}}],"line":197}},"s":{"0":6,"1":6,"2":6,"3":6,"4":6,"5":12,"6":12,"7":5,"8":7,"9":3,"10":4,"11":4,"12":10,"13":10,"14":18,"15":10,"16":2,"17":2,"18":2,"19":2,"20":9,"21":9,"22":8,"23":12,"24":8,"25":8,"26":5,"27":8,"28":12,"29":8,"30":4,"31":8,"32":8,"33":4,"34":4,"35":4,"36":2,"37":2,"38":4,"39":4,"40":4,"41":4,"42":4,"43":4,"44":1,"45":3,"46":3,"47":3,"48":3,"49":1,"50":6},"f":{"0":12,"1":10,"2":18,"3":2,"4":9,"5":12,"6":12,"7":4,"8":4,"9":3},"b":{"0":[2,10],"1":[12,12],"2":[5,7],"3":[3,4],"4":[4,0],"5":[2,8],"6":[1],"7":[6,2],"8":[5,3],"9":[4,4],"10":[2,2],"11":[1,3],"12":[1,2]},"_coverageSchema":"1a1c01bbd47fc00a2c39e90264f33305004495a9","hash":"30faea24971e45c1ba923ac56b6abea81c417c9b"}
,"/Users/jessebrink/springboard/unit37/express-jobly/models/user.js": {"path":"/Users/jessebrink/springboard/unit37/express-jobly/models/user.js","statementMap":{"0":{"start":{"line":3,"column":11},"end":{"line":3,"column":27}},"1":{"start":{"line":4,"column":15},"end":{"line":4,"column":32}},"2":{"start":{"line":5,"column":32},"end":{"line":5,"column":57}},"3":{"start":{"line":10,"column":4},"end":{"line":10,"column":30}},"4":{"start":{"line":12,"column":31},"end":{"line":12,"column":54}},"5":{"start":{"line":27,"column":17},"end":{"line":32,"column":5}},"6":{"start":{"line":33,"column":4},"end":{"line":36,"column":5}},"7":{"start":{"line":34,"column":26},"end":{"line":34,"column":54}},"8":{"start":{"line":34,"column":45},"end":{"line":34,"column":53}},"9":{"start":{"line":35,"column":6},"end":{"line":35,"column":25}},"10":{"start":{"line":49,"column":19},"end":{"line":59,"column":5}},"11":{"start":{"line":61,"column":17},"end":{"line":61,"column":31}},"12":{"start":{"line":63,"column":4},"end":{"line":70,"column":5}},"13":{"start":{"line":65,"column":22},"end":{"line":65,"column":67}},"14":{"start":{"line":66,"column":6},"end":{"line":69,"column":7}},"15":{"start":{"line":67,"column":8},"end":{"line":67,"column":29}},"16":{"start":{"line":68,"column":8},"end":{"line":68,"column":20}},"17":{"start":{"line":72,"column":4},"end":{"line":72,"column":61}},"18":{"start":{"line":84,"column":27},"end":{"line":89,"column":5}},"19":{"start":{"line":91,"column":4},"end":{"line":93,"column":5}},"20":{"start":{"line":92,"column":6},"end":{"line":92,"column":67}},"21":{"start":{"line":95,"column":27},"end":{"line":95,"column":74}},"22":{"start":{"line":97,"column":19},"end":{"line":115,"column":5}},"23":{"start":{"line":117,"column":17},"end":{"line":117,"column":31}},"24":{"start":{"line":119,"column":4},"end":{"line":119,"column":16}},"25":{"start":{"line":128,"column":19},"end":{"line":136,"column":5}},"26":{"start":{"line":138,"column":4},"end":{"line":140,"column":5}},"27":{"start":{"line":139,"column":6},"end":{"line":139,"column":81}},"28":{"start":{"line":142,"column":4},"end":{"line":142,"column":23}},"29":{"start":{"line":154,"column":20},"end":{"line":163,"column":5}},"30":{"start":{"line":165,"column":17},"end":{"line":165,"column":32}},"31":{"start":{"line":167,"column":4},"end":{"line":167,"column":63}},"32":{"start":{"line":167,"column":15},"end":{"line":167,"column":63}},"33":{"start":{"line":169,"column":4},"end":{"line":169,"column":74}},"34":{"start":{"line":170,"column":4},"end":{"line":170,"column":16}},"35":{"start":{"line":191,"column":4},"end":{"line":193,"column":5}},"36":{"start":{"line":192,"column":6},"end":{"line":192,"column":75}},"37":{"start":{"line":195,"column":32},"end":{"line":201,"column":10}},"38":{"start":{"line":202,"column":27},"end":{"line":202,"column":52}},"39":{"start":{"line":204,"column":21},"end":{"line":211,"column":54}},"40":{"start":{"line":212,"column":19},"end":{"line":212,"column":66}},"41":{"start":{"line":213,"column":17},"end":{"line":213,"column":31}},"42":{"start":{"line":215,"column":4},"end":{"line":215,"column":63}},"43":{"start":{"line":215,"column":15},"end":{"line":215,"column":63}},"44":{"start":{"line":217,"column":4},"end":{"line":217,"column":25}},"45":{"start":{"line":218,"column":4},"end":{"line":218,"column":16}},"46":{"start":{"line":224,"column":17},"end":{"line":230,"column":5}},"47":{"start":{"line":231,"column":17},"end":{"line":231,"column":31}},"48":{"start":{"line":233,"column":4},"end":{"line":233,"column":63}},"49":{"start":{"line":233,"column":15},"end":{"line":233,"column":63}},"50":{"start":{"line":249,"column":25},"end":{"line":252,"column":5}},"51":{"start":{"line":254,"column":26},"end":{"line":259,"column":5}},"52":{"start":{"line":261,"column":4},"end":{"line":261,"column":98}},"53":{"start":{"line":261,"column":36},"end":{"line":261,"column":98}},"54":{"start":{"line":263,"column":15},"end":{"line":263,"column":39}},"55":{"start":{"line":264,"column":4},"end":{"line":264,"column":125}},"56":{"start":{"line":264,"column":41},"end":{"line":264,"column":125}},"57":{"start":{"line":266,"column":27},"end":{"line":273,"column":5}},"58":{"start":{"line":275,"column":4},"end":{"line":275,"column":34}},"59":{"start":{"line":279,"column":0},"end":{"line":279,"column":22}}},"fnMap":{"0":{"name":"(anonymous_0)","decl":{"start":{"line":26,"column":2},"end":{"line":26,"column":3}},"loc":{"start":{"line":26,"column":42},"end":{"line":37,"column":3}},"line":26},"1":{"name":"(anonymous_1)","decl":{"start":{"line":34,"column":40},"end":{"line":34,"column":41}},"loc":{"start":{"line":34,"column":45},"end":{"line":34,"column":53}},"line":34},"2":{"name":"(anonymous_2)","decl":{"start":{"line":47,"column":2},"end":{"line":47,"column":3}},"loc":{"start":{"line":47,"column":48},"end":{"line":73,"column":3}},"line":47},"3":{"name":"(anonymous_3)","decl":{"start":{"line":82,"column":2},"end":{"line":82,"column":3}},"loc":{"start":{"line":83,"column":67},"end":{"line":120,"column":3}},"line":83},"4":{"name":"(anonymous_4)","decl":{"start":{"line":127,"column":2},"end":{"line":127,"column":3}},"loc":{"start":{"line":127,"column":25},"end":{"line":143,"column":3}},"line":127},"5":{"name":"(anonymous_5)","decl":{"start":{"line":153,"column":2},"end":{"line":153,"column":3}},"loc":{"start":{"line":153,"column":29},"end":{"line":171,"column":3}},"line":153},"6":{"name":"(anonymous_6)","decl":{"start":{"line":190,"column":2},"end":{"line":190,"column":3}},"loc":{"start":{"line":190,"column":38},"end":{"line":219,"column":3}},"line":190},"7":{"name":"(anonymous_7)","decl":{"start":{"line":223,"column":2},"end":{"line":223,"column":3}},"loc":{"start":{"line":223,"column":32},"end":{"line":234,"column":3}},"line":223},"8":{"name":"(anonymous_8)","decl":{"start":{"line":248,"column":2},"end":{"line":248,"column":3}},"loc":{"start":{"line":248,"column":39},"end":{"line":276,"column":3}},"line":248}},"branchMap":{"0":{"loc":{"start":{"line":33,"column":4},"end":{"line":36,"column":5}},"type":"if","locations":[{"start":{"line":33,"column":4},"end":{"line":36,"column":5}},{"start":{"line":33,"column":4},"end":{"line":36,"column":5}}],"line":33},"1":{"loc":{"start":{"line":63,"column":4},"end":{"line":70,"column":5}},"type":"if","locations":[{"start":{"line":63,"column":4},"end":{"line":70,"column":5}},{"start":{"line":63,"column":4},"end":{"line":70,"column":5}}],"line":63},"2":{"loc":{"start":{"line":66,"column":6},"end":{"line":69,"column":7}},"type":"if","locations":[{"start":{"line":66,"column":6},"end":{"line":69,"column":7}},{"start":{"line":66,"column":6},"end":{"line":69,"column":7}}],"line":66},"3":{"loc":{"start":{"line":91,"column":4},"end":{"line":93,"column":5}},"type":"if","locations":[{"start":{"line":91,"column":4},"end":{"line":93,"column":5}},{"start":{"line":91,"column":4},"end":{"line":93,"column":5}}],"line":91},"4":{"loc":{"start":{"line":167,"column":4},"end":{"line":167,"column":63}},"type":"if","locations":[{"start":{"line":167,"column":4},"end":{"line":167,"column":63}},{"start":{"line":167,"column":4},"end":{"line":167,"column":63}}],"line":167},"5":{"loc":{"start":{"line":191,"column":4},"end":{"line":193,"column":5}},"type":"if","locations":[{"start":{"line":191,"column":4},"end":{"line":193,"column":5}},{"start":{"line":191,"column":4},"end":{"line":193,"column":5}}],"line":191},"6":{"loc":{"start":{"line":215,"column":4},"end":{"line":215,"column":63}},"type":"if","locations":[{"start":{"line":215,"column":4},"end":{"line":215,"column":63}},{"start":{"line":215,"column":4},"end":{"line":215,"column":63}}],"line":215},"7":{"loc":{"start":{"line":233,"column":4},"end":{"line":233,"column":63}},"type":"if","locations":[{"start":{"line":233,"column":4},"end":{"line":233,"column":63}},{"start":{"line":233,"column":4},"end":{"line":233,"column":63}}],"line":233},"8":{"loc":{"start":{"line":261,"column":4},"end":{"line":261,"column":98}},"type":"if","locations":[{"start":{"line":261,"column":4},"end":{"line":261,"column":98}},{"start":{"line":261,"column":4},"end":{"line":261,"column":98}}],"line":261},"9":{"loc":{"start":{"line":264,"column":4},"end":{"line":264,"column":125}},"type":"if","locations":[{"start":{"line":264,"column":4},"end":{"line":264,"column":125}},{"start":{"line":264,"column":4},"end":{"line":264,"column":125}}],"line":264}},"s":{"0":6,"1":6,"2":6,"3":6,"4":6,"5":10,"6":10,"7":10,"8":1,"9":10,"10":7,"11":7,"12":7,"13":4,"14":4,"15":3,"16":3,"17":4,"18":16,"19":16,"20":1,"21":15,"22":15,"23":15,"24":15,"25":3,"26":2,"27":6,"28":2,"29":6,"30":6,"31":6,"32":2,"33":4,"34":4,"35":8,"36":2,"37":8,"38":7,"39":7,"40":7,"41":7,"42":7,"43":2,"44":5,"45":5,"46":5,"47":5,"48":5,"49":2,"50":4,"51":4,"52":4,"53":2,"54":2,"55":2,"56":0,"57":2,"58":2,"59":6},"f":{"0":10,"1":1,"2":7,"3":16,"4":3,"5":6,"6":8,"7":5,"8":4},"b":{"0":[10,0],"1":[4,3],"2":[3,1],"3":[1,15],"4":[2,4],"5":[2,6],"6":[2,5],"7":[2,3],"8":[2,2],"9":[0,2]},"_coverageSchema":"1a1c01bbd47fc00a2c39e90264f33305004495a9","hash":"464a87097ebc2d731353815264f961e280954657"}
,"/Users/jessebrink/springboard/unit37/express-jobly/routes/_testCommon.js": {"path":"/Users/jessebrink/springboard/unit37/express-jobly/routes/_testCommon.js","statementMap":{"0":{"start":{"line":3,"column":11},"end":{"line":3,"column":30}},"1":{"start":{"line":4,"column":13},"end":{"line":4,"column":38}},"2":{"start":{"line":5,"column":16},"end":{"line":5,"column":44}},"3":{"start":{"line":6,"column":24},"end":{"line":6,"column":52}},"4":{"start":{"line":10,"column":2},"end":{"line":10,"column":38}},"5":{"start":{"line":12,"column":2},"end":{"line":12,"column":42}},"6":{"start":{"line":13,"column":2},"end":{"line":13,"column":45}},"7":{"start":{"line":14,"column":2},"end":{"line":14,"column":37}},"8":{"start":{"line":16,"column":2},"end":{"line":23,"column":9}},"9":{"start":{"line":24,"column":2},"end":{"line":31,"column":9}},"10":{"start":{"line":32,"column":2},"end":{"line":39,"column":9}},"11":{"start":{"line":41,"column":2},"end":{"line":48,"column":5}},"12":{"start":{"line":49,"column":2},"end":{"line":56,"column":5}},"13":{"start":{"line":57,"column":2},"end":{"line":64,"column":5}},"14":{"start":{"line":68,"column":2},"end":{"line":68,"column":26}},"15":{"start":{"line":72,"column":2},"end":{"line":72,"column":29}},"16":{"start":{"line":76,"column":2},"end":{"line":76,"column":38}},"17":{"start":{"line":77,"column":2},"end":{"line":77,"column":42}},"18":{"start":{"line":78,"column":2},"end":{"line":78,"column":37}},"19":{"start":{"line":79,"column":2},"end":{"line":79,"column":45}},"20":{"start":{"line":80,"column":2},"end":{"line":80,"column":17}},"21":{"start":{"line":84,"column":16},"end":{"line":84,"column":63}},"22":{"start":{"line":87,"column":0},"end":{"line":93,"column":2}}},"fnMap":{"0":{"name":"commonBeforeAll","decl":{"start":{"line":8,"column":15},"end":{"line":8,"column":30}},"loc":{"start":{"line":8,"column":33},"end":{"line":65,"column":1}},"line":8},"1":{"name":"commonBeforeEach","decl":{"start":{"line":67,"column":15},"end":{"line":67,"column":31}},"loc":{"start":{"line":67,"column":34},"end":{"line":69,"column":1}},"line":67},"2":{"name":"commonAfterEach","decl":{"start":{"line":71,"column":15},"end":{"line":71,"column":30}},"loc":{"start":{"line":71,"column":33},"end":{"line":73,"column":1}},"line":71},"3":{"name":"commonAfterAll","decl":{"start":{"line":75,"column":15},"end":{"line":75,"column":29}},"loc":{"start":{"line":75,"column":32},"end":{"line":81,"column":1}},"line":75}},"branchMap":{},"s":{"0":4,"1":4,"2":4,"3":4,"4":3,"5":3,"6":3,"7":3,"8":3,"9":3,"10":3,"11":3,"12":3,"13":3,"14":63,"15":63,"16":3,"17":3,"18":3,"19":3,"20":3,"21":4,"22":4},"f":{"0":3,"1":63,"2":63,"3":3},"b":{},"_coverageSchema":"1a1c01bbd47fc00a2c39e90264f33305004495a9","hash":"6659faaf5a891305e5ccf90f90935fb4b2ebe690"}
,"/Users/jessebrink/springboard/unit37/express-jobly/routes/auth.js": {"path":"/Users/jessebrink/springboard/unit37/express-jobly/routes/auth.js","statementMap":{"0":{"start":{"line":5,"column":19},"end":{"line":5,"column":40}},"1":{"start":{"line":7,"column":13},"end":{"line":7,"column":38}},"2":{"start":{"line":8,"column":16},"end":{"line":8,"column":34}},"3":{"start":{"line":9,"column":15},"end":{"line":9,"column":35}},"4":{"start":{"line":10,"column":24},"end":{"line":10,"column":52}},"5":{"start":{"line":11,"column":23},"end":{"line":11,"column":58}},"6":{"start":{"line":12,"column":27},"end":{"line":12,"column":66}},"7":{"start":{"line":13,"column":28},"end":{"line":13,"column":54}},"8":{"start":{"line":22,"column":0},"end":{"line":37,"column":3}},"9":{"start":{"line":23,"column":2},"end":{"line":36,"column":3}},"10":{"start":{"line":24,"column":22},"end":{"line":24,"column":67}},"11":{"start":{"line":25,"column":4},"end":{"line":28,"column":5}},"12":{"start":{"line":26,"column":19},"end":{"line":26,"column":53}},"13":{"start":{"line":26,"column":45},"end":{"line":26,"column":52}},"14":{"start":{"line":27,"column":6},"end":{"line":27,"column":38}},"15":{"start":{"line":30,"column":35},"end":{"line":30,"column":43}},"16":{"start":{"line":31,"column":17},"end":{"line":31,"column":60}},"17":{"start":{"line":32,"column":18},"end":{"line":32,"column":35}},"18":{"start":{"line":33,"column":4},"end":{"line":33,"column":31}},"19":{"start":{"line":35,"column":4},"end":{"line":35,"column":21}},"20":{"start":{"line":49,"column":0},"end":{"line":63,"column":3}},"21":{"start":{"line":50,"column":2},"end":{"line":62,"column":3}},"22":{"start":{"line":51,"column":22},"end":{"line":51,"column":71}},"23":{"start":{"line":52,"column":4},"end":{"line":55,"column":5}},"24":{"start":{"line":53,"column":19},"end":{"line":53,"column":53}},"25":{"start":{"line":53,"column":45},"end":{"line":53,"column":52}},"26":{"start":{"line":54,"column":6},"end":{"line":54,"column":38}},"27":{"start":{"line":57,"column":20},"end":{"line":57,"column":72}},"28":{"start":{"line":58,"column":18},"end":{"line":58,"column":38}},"29":{"start":{"line":59,"column":4},"end":{"line":59,"column":43}},"30":{"start":{"line":61,"column":4},"end":{"line":61,"column":21}},"31":{"start":{"line":66,"column":0},"end":{"line":66,"column":24}}},"fnMap":{"0":{"name":"(anonymous_0)","decl":{"start":{"line":22,"column":22},"end":{"line":22,"column":23}},"loc":{"start":{"line":22,"column":54},"end":{"line":37,"column":1}},"line":22},"1":{"name":"(anonymous_1)","decl":{"start":{"line":26,"column":40},"end":{"line":26,"column":41}},"loc":{"start":{"line":26,"column":45},"end":{"line":26,"column":52}},"line":26},"2":{"name":"(anonymous_2)","decl":{"start":{"line":49,"column":25},"end":{"line":49,"column":26}},"loc":{"start":{"line":49,"column":57},"end":{"line":63,"column":1}},"line":49},"3":{"name":"(anonymous_3)","decl":{"start":{"line":53,"column":40},"end":{"line":53,"column":41}},"loc":{"start":{"line":53,"column":45},"end":{"line":53,"column":52}},"line":53}},"branchMap":{"0":{"loc":{"start":{"line":25,"column":4},"end":{"line":28,"column":5}},"type":"if","locations":[{"start":{"line":25,"column":4},"end":{"line":28,"column":5}},{"start":{"line":25,"column":4},"end":{"line":28,"column":5}}],"line":25},"1":{"loc":{"start":{"line":52,"column":4},"end":{"line":55,"column":5}},"type":"if","locations":[{"start":{"line":52,"column":4},"end":{"line":55,"column":5}},{"start":{"line":52,"column":4},"end":{"line":55,"column":5}}],"line":52}},"s":{"0":5,"1":5,"2":5,"3":5,"4":5,"5":5,"6":5,"7":5,"8":5,"9":5,"10":5,"11":5,"12":2,"13":2,"14":2,"15":3,"16":3,"17":1,"18":1,"19":4,"20":5,"21":3,"22":3,"23":3,"24":2,"25":5,"26":2,"27":1,"28":1,"29":1,"30":2,"31":5},"f":{"0":5,"1":2,"2":3,"3":5},"b":{"0":[2,3],"1":[2,1]},"_coverageSchema":"1a1c01bbd47fc00a2c39e90264f33305004495a9","hash":"0d3dfa14a015c605003c491d15418c391a30d164"}
,"/Users/jessebrink/springboard/unit37/express-jobly/routes/companies.js": {"path":"/Users/jessebrink/springboard/unit37/express-jobly/routes/companies.js","statementMap":{"0":{"start":{"line":5,"column":19},"end":{"line":5,"column":40}},"1":{"start":{"line":6,"column":16},"end":{"line":6,"column":34}},"2":{"start":{"line":8,"column":28},"end":{"line":8,"column":54}},"3":{"start":{"line":9,"column":53},"end":{"line":9,"column":82}},"4":{"start":{"line":10,"column":16},"end":{"line":10,"column":44}},"5":{"start":{"line":12,"column":25},"end":{"line":12,"column":62}},"6":{"start":{"line":13,"column":28},"end":{"line":13,"column":68}},"7":{"start":{"line":15,"column":15},"end":{"line":15,"column":35}},"8":{"start":{"line":27,"column":0},"end":{"line":40,"column":3}},"9":{"start":{"line":28,"column":2},"end":{"line":39,"column":3}},"10":{"start":{"line":29,"column":22},"end":{"line":29,"column":69}},"11":{"start":{"line":30,"column":4},"end":{"line":33,"column":5}},"12":{"start":{"line":31,"column":19},"end":{"line":31,"column":53}},"13":{"start":{"line":31,"column":45},"end":{"line":31,"column":52}},"14":{"start":{"line":32,"column":6},"end":{"line":32,"column":38}},"15":{"start":{"line":35,"column":20},"end":{"line":35,"column":50}},"16":{"start":{"line":36,"column":4},"end":{"line":36,"column":45}},"17":{"start":{"line":38,"column":4},"end":{"line":38,"column":21}},"18":{"start":{"line":53,"column":0},"end":{"line":60,"column":3}},"19":{"start":{"line":54,"column":2},"end":{"line":59,"column":3}},"20":{"start":{"line":55,"column":22},"end":{"line":55,"column":54}},"21":{"start":{"line":56,"column":4},"end":{"line":56,"column":35}},"22":{"start":{"line":58,"column":4},"end":{"line":58,"column":21}},"23":{"start":{"line":70,"column":0},"end":{"line":77,"column":3}},"24":{"start":{"line":71,"column":2},"end":{"line":76,"column":3}},"25":{"start":{"line":72,"column":20},"end":{"line":72,"column":56}},"26":{"start":{"line":73,"column":4},"end":{"line":73,"column":33}},"27":{"start":{"line":75,"column":4},"end":{"line":75,"column":21}},"28":{"start":{"line":90,"column":0},"end":{"line":103,"column":3}},"29":{"start":{"line":91,"column":2},"end":{"line":102,"column":3}},"30":{"start":{"line":92,"column":22},"end":{"line":92,"column":72}},"31":{"start":{"line":93,"column":4},"end":{"line":96,"column":5}},"32":{"start":{"line":94,"column":19},"end":{"line":94,"column":53}},"33":{"start":{"line":94,"column":45},"end":{"line":94,"column":52}},"34":{"start":{"line":95,"column":6},"end":{"line":95,"column":38}},"35":{"start":{"line":98,"column":20},"end":{"line":98,"column":69}},"36":{"start":{"line":99,"column":4},"end":{"line":99,"column":33}},"37":{"start":{"line":101,"column":4},"end":{"line":101,"column":21}},"38":{"start":{"line":110,"column":0},"end":{"line":117,"column":3}},"39":{"start":{"line":111,"column":2},"end":{"line":116,"column":3}},"40":{"start":{"line":112,"column":4},"end":{"line":112,"column":44}},"41":{"start":{"line":113,"column":4},"end":{"line":113,"column":52}},"42":{"start":{"line":115,"column":4},"end":{"line":115,"column":21}},"43":{"start":{"line":120,"column":0},"end":{"line":120,"column":24}}},"fnMap":{"0":{"name":"(anonymous_0)","decl":{"start":{"line":27,"column":43},"end":{"line":27,"column":44}},"loc":{"start":{"line":27,"column":75},"end":{"line":40,"column":1}},"line":27},"1":{"name":"(anonymous_1)","decl":{"start":{"line":31,"column":40},"end":{"line":31,"column":41}},"loc":{"start":{"line":31,"column":45},"end":{"line":31,"column":52}},"line":31},"2":{"name":"(anonymous_2)","decl":{"start":{"line":53,"column":16},"end":{"line":53,"column":17}},"loc":{"start":{"line":53,"column":48},"end":{"line":60,"column":1}},"line":53},"3":{"name":"(anonymous_3)","decl":{"start":{"line":70,"column":23},"end":{"line":70,"column":24}},"loc":{"start":{"line":70,"column":55},"end":{"line":77,"column":1}},"line":70},"4":{"name":"(anonymous_4)","decl":{"start":{"line":90,"column":51},"end":{"line":90,"column":52}},"loc":{"start":{"line":90,"column":83},"end":{"line":103,"column":1}},"line":90},"5":{"name":"(anonymous_5)","decl":{"start":{"line":94,"column":40},"end":{"line":94,"column":41}},"loc":{"start":{"line":94,"column":45},"end":{"line":94,"column":52}},"line":94},"6":{"name":"(anonymous_6)","decl":{"start":{"line":110,"column":52},"end":{"line":110,"column":53}},"loc":{"start":{"line":110,"column":84},"end":{"line":117,"column":1}},"line":110}},"branchMap":{"0":{"loc":{"start":{"line":30,"column":4},"end":{"line":33,"column":5}},"type":"if","locations":[{"start":{"line":30,"column":4},"end":{"line":33,"column":5}},{"start":{"line":30,"column":4},"end":{"line":33,"column":5}}],"line":30},"1":{"loc":{"start":{"line":93,"column":4},"end":{"line":96,"column":5}},"type":"if","locations":[{"start":{"line":93,"column":4},"end":{"line":96,"column":5}},{"start":{"line":93,"column":4},"end":{"line":96,"column":5}}],"line":93}},"s":{"0":5,"1":5,"2":5,"3":5,"4":5,"5":5,"6":5,"7":5,"8":5,"9":4,"10":4,"11":4,"12":3,"13":10,"14":3,"15":1,"16":1,"17":3,"18":5,"19":7,"20":7,"21":4,"22":3,"23":5,"24":3,"25":3,"26":2,"27":1,"28":5,"29":4,"30":4,"31":4,"32":2,"33":2,"34":2,"35":2,"36":1,"37":3,"38":5,"39":2,"40":2,"41":1,"42":1,"43":5},"f":{"0":4,"1":10,"2":7,"3":3,"4":4,"5":2,"6":2},"b":{"0":[3,1],"1":[2,2]},"_coverageSchema":"1a1c01bbd47fc00a2c39e90264f33305004495a9","hash":"b2e75370dbd7c3c1b3bd164a84e776134682796e"}
,"/Users/jessebrink/springboard/unit37/express-jobly/routes/jobs.js": {"path":"/Users/jessebrink/springboard/unit37/express-jobly/routes/jobs.js","statementMap":{"0":{"start":{"line":3,"column":19},"end":{"line":3,"column":40}},"1":{"start":{"line":4,"column":16},"end":{"line":4,"column":34}},"2":{"start":{"line":5,"column":15},"end":{"line":5,"column":35}},"3":{"start":{"line":7,"column":28},"end":{"line":7,"column":54}},"4":{"start":{"line":8,"column":37},"end":{"line":8,"column":66}},"5":{"start":{"line":10,"column":12},"end":{"line":10,"column":36}},"6":{"start":{"line":12,"column":21},"end":{"line":12,"column":54}},"7":{"start":{"line":13,"column":24},"end":{"line":13,"column":60}},"8":{"start":{"line":25,"column":1},"end":{"line":38,"column":5}},"9":{"start":{"line":26,"column":4},"end":{"line":37,"column":5}},"10":{"start":{"line":27,"column":24},"end":{"line":27,"column":67}},"11":{"start":{"line":28,"column":6},"end":{"line":31,"column":7}},"12":{"start":{"line":29,"column":21},"end":{"line":29,"column":55}},"13":{"start":{"line":29,"column":47},"end":{"line":29,"column":54}},"14":{"start":{"line":30,"column":8},"end":{"line":30,"column":40}},"15":{"start":{"line":33,"column":18},"end":{"line":33,"column":44}},"16":{"start":{"line":34,"column":6},"end":{"line":34,"column":43}},"17":{"start":{"line":36,"column":6},"end":{"line":36,"column":23}},"18":{"start":{"line":51,"column":2},"end":{"line":58,"column":5}},"19":{"start":{"line":52,"column":4},"end":{"line":57,"column":5}},"20":{"start":{"line":53,"column":19},"end":{"line":53,"column":47}},"21":{"start":{"line":54,"column":6},"end":{"line":54,"column":32}},"22":{"start":{"line":56,"column":6},"end":{"line":56,"column":23}},"23":{"start":{"line":67,"column":2},"end":{"line":74,"column":5}},"24":{"start":{"line":68,"column":4},"end":{"line":73,"column":5}},"25":{"start":{"line":69,"column":18},"end":{"line":69,"column":49}},"26":{"start":{"line":70,"column":6},"end":{"line":70,"column":31}},"27":{"start":{"line":72,"column":6},"end":{"line":72,"column":23}},"28":{"start":{"line":89,"column":2},"end":{"line":102,"column":5}},"29":{"start":{"line":90,"column":4},"end":{"line":101,"column":5}},"30":{"start":{"line":91,"column":24},"end":{"line":91,"column":70}},"31":{"start":{"line":92,"column":6},"end":{"line":95,"column":7}},"32":{"start":{"line":93,"column":21},"end":{"line":93,"column":55}},"33":{"start":{"line":93,"column":47},"end":{"line":93,"column":54}},"34":{"start":{"line":94,"column":8},"end":{"line":94,"column":40}},"35":{"start":{"line":97,"column":18},"end":{"line":97,"column":62}},"36":{"start":{"line":98,"column":6},"end":{"line":98,"column":31}},"37":{"start":{"line":100,"column":6},"end":{"line":100,"column":23}},"38":{"start":{"line":109,"column":2},"end":{"line":116,"column":5}},"39":{"start":{"line":110,"column":4},"end":{"line":115,"column":5}},"40":{"start":{"line":111,"column":6},"end":{"line":111,"column":41}},"41":{"start":{"line":112,"column":6},"end":{"line":112,"column":53}},"42":{"start":{"line":114,"column":6},"end":{"line":114,"column":23}},"43":{"start":{"line":119,"column":2},"end":{"line":119,"column":26}}},"fnMap":{"0":{"name":"(anonymous_0)","decl":{"start":{"line":25,"column":44},"end":{"line":25,"column":45}},"loc":{"start":{"line":25,"column":76},"end":{"line":38,"column":3}},"line":25},"1":{"name":"(anonymous_1)","decl":{"start":{"line":29,"column":42},"end":{"line":29,"column":43}},"loc":{"start":{"line":29,"column":47},"end":{"line":29,"column":54}},"line":29},"2":{"name":"(anonymous_2)","decl":{"start":{"line":51,"column":18},"end":{"line":51,"column":19}},"loc":{"start":{"line":51,"column":50},"end":{"line":58,"column":3}},"line":51},"3":{"name":"(anonymous_3)","decl":{"start":{"line":67,"column":24},"end":{"line":67,"column":25}},"loc":{"start":{"line":67,"column":56},"end":{"line":74,"column":3}},"line":67},"4":{"name":"(anonymous_4)","decl":{"start":{"line":89,"column":52},"end":{"line":89,"column":53}},"loc":{"start":{"line":89,"column":84},"end":{"line":102,"column":3}},"line":89},"5":{"name":"(anonymous_5)","decl":{"start":{"line":93,"column":42},"end":{"line":93,"column":43}},"loc":{"start":{"line":93,"column":47},"end":{"line":93,"column":54}},"line":93},"6":{"name":"(anonymous_6)","decl":{"start":{"line":109,"column":53},"end":{"line":109,"column":54}},"loc":{"start":{"line":109,"column":85},"end":{"line":116,"column":3}},"line":109}},"branchMap":{"0":{"loc":{"start":{"line":28,"column":6},"end":{"line":31,"column":7}},"type":"if","locations":[{"start":{"line":28,"column":6},"end":{"line":31,"column":7}},{"start":{"line":28,"column":6},"end":{"line":31,"column":7}}],"line":28},"1":{"loc":{"start":{"line":92,"column":6},"end":{"line":95,"column":7}},"type":"if","locations":[{"start":{"line":92,"column":6},"end":{"line":95,"column":7}},{"start":{"line":92,"column":6},"end":{"line":95,"column":7}}],"line":92}},"s":{"0":5,"1":5,"2":5,"3":5,"4":5,"5":5,"6":5,"7":5,"8":5,"9":2,"10":2,"11":2,"12":1,"13":2,"14":1,"15":1,"16":1,"17":1,"18":5,"19":5,"20":5,"21":4,"22":1,"23":5,"24":2,"25":2,"26":1,"27":1,"28":5,"29":4,"30":4,"31":4,"32":2,"33":2,"34":2,"35":2,"36":1,"37":3,"38":5,"39":2,"40":2,"41":1,"42":1,"43":5},"f":{"0":2,"1":2,"2":5,"3":2,"4":4,"5":2,"6":2},"b":{"0":[1,1],"1":[2,2]},"_coverageSchema":"1a1c01bbd47fc00a2c39e90264f33305004495a9","hash":"db25240dfb4815b295dae6328d1b785db87af416"}
,"/Users/jessebrink/springboard/unit37/express-jobly/routes/users.js": {"path":"/Users/jessebrink/springboard/unit37/express-jobly/routes/users.js","statementMap":{"0":{"start":{"line":5,"column":19},"end":{"line":5,"column":40}},"1":{"start":{"line":7,"column":16},"end":{"line":7,"column":34}},"2":{"start":{"line":8,"column":82},"end":{"line":8,"column":111}},"3":{"start":{"line":9,"column":28},"end":{"line":9,"column":54}},"4":{"start":{"line":10,"column":13},"end":{"line":10,"column":38}},"5":{"start":{"line":11,"column":24},"end":{"line":11,"column":52}},"6":{"start":{"line":12,"column":22},"end":{"line":12,"column":56}},"7":{"start":{"line":13,"column":25},"end":{"line":13,"column":62}},"8":{"start":{"line":15,"column":15},"end":{"line":15,"column":31}},"9":{"start":{"line":30,"column":0},"end":{"line":44,"column":3}},"10":{"start":{"line":31,"column":2},"end":{"line":43,"column":3}},"11":{"start":{"line":32,"column":22},"end":{"line":32,"column":66}},"12":{"start":{"line":33,"column":4},"end":{"line":36,"column":5}},"13":{"start":{"line":34,"column":19},"end":{"line":34,"column":53}},"14":{"start":{"line":34,"column":45},"end":{"line":34,"column":52}},"15":{"start":{"line":35,"column":6},"end":{"line":35,"column":38}},"16":{"start":{"line":38,"column":17},"end":{"line":38,"column":46}},"17":{"start":{"line":39,"column":18},"end":{"line":39,"column":35}},"18":{"start":{"line":40,"column":4},"end":{"line":40,"column":49}},"19":{"start":{"line":42,"column":4},"end":{"line":42,"column":21}},"20":{"start":{"line":54,"column":0},"end":{"line":61,"column":3}},"21":{"start":{"line":55,"column":2},"end":{"line":60,"column":3}},"22":{"start":{"line":56,"column":18},"end":{"line":56,"column":38}},"23":{"start":{"line":57,"column":4},"end":{"line":57,"column":31}},"24":{"start":{"line":59,"column":4},"end":{"line":59,"column":21}},"25":{"start":{"line":73,"column":0},"end":{"line":80,"column":3}},"26":{"start":{"line":74,"column":2},"end":{"line":79,"column":3}},"27":{"start":{"line":75,"column":17},"end":{"line":75,"column":52}},"28":{"start":{"line":76,"column":4},"end":{"line":76,"column":30}},"29":{"start":{"line":78,"column":4},"end":{"line":78,"column":21}},"30":{"start":{"line":95,"column":0},"end":{"line":108,"column":3}},"31":{"start":{"line":96,"column":2},"end":{"line":107,"column":3}},"32":{"start":{"line":97,"column":22},"end":{"line":97,"column":69}},"33":{"start":{"line":98,"column":4},"end":{"line":101,"column":5}},"34":{"start":{"line":99,"column":19},"end":{"line":99,"column":53}},"35":{"start":{"line":99,"column":45},"end":{"line":99,"column":52}},"36":{"start":{"line":100,"column":6},"end":{"line":100,"column":38}},"37":{"start":{"line":103,"column":17},"end":{"line":103,"column":65}},"38":{"start":{"line":104,"column":4},"end":{"line":104,"column":30}},"39":{"start":{"line":106,"column":4},"end":{"line":106,"column":21}},"40":{"start":{"line":118,"column":0},"end":{"line":125,"column":3}},"41":{"start":{"line":119,"column":2},"end":{"line":124,"column":3}},"42":{"start":{"line":120,"column":4},"end":{"line":120,"column":43}},"43":{"start":{"line":121,"column":4},"end":{"line":121,"column":54}},"44":{"start":{"line":123,"column":4},"end":{"line":123,"column":21}},"45":{"start":{"line":146,"column":0},"end":{"line":154,"column":2}},"46":{"start":{"line":147,"column":2},"end":{"line":153,"column":3}},"47":{"start":{"line":148,"column":29},"end":{"line":148,"column":39}},"48":{"start":{"line":149,"column":27},"end":{"line":149,"column":57}},"49":{"start":{"line":150,"column":4},"end":{"line":150,"column":37}},"50":{"start":{"line":152,"column":6},"end":{"line":152,"column":25}},"51":{"start":{"line":157,"column":0},"end":{"line":157,"column":24}}},"fnMap":{"0":{"name":"(anonymous_0)","decl":{"start":{"line":30,"column":43},"end":{"line":30,"column":44}},"loc":{"start":{"line":30,"column":75},"end":{"line":44,"column":1}},"line":30},"1":{"name":"(anonymous_1)","decl":{"start":{"line":34,"column":40},"end":{"line":34,"column":41}},"loc":{"start":{"line":34,"column":45},"end":{"line":34,"column":52}},"line":34},"2":{"name":"(anonymous_2)","decl":{"start":{"line":54,"column":42},"end":{"line":54,"column":43}},"loc":{"start":{"line":54,"column":74},"end":{"line":61,"column":1}},"line":54},"3":{"name":"(anonymous_3)","decl":{"start":{"line":73,"column":54},"end":{"line":73,"column":55}},"loc":{"start":{"line":73,"column":86},"end":{"line":80,"column":1}},"line":73},"4":{"name":"(anonymous_4)","decl":{"start":{"line":95,"column":56},"end":{"line":95,"column":57}},"loc":{"start":{"line":95,"column":88},"end":{"line":108,"column":1}},"line":95},"5":{"name":"(anonymous_5)","decl":{"start":{"line":99,"column":40},"end":{"line":99,"column":41}},"loc":{"start":{"line":99,"column":45},"end":{"line":99,"column":52}},"line":99},"6":{"name":"(anonymous_6)","decl":{"start":{"line":118,"column":57},"end":{"line":118,"column":58}},"loc":{"start":{"line":118,"column":89},"end":{"line":125,"column":1}},"line":118},"7":{"name":"(anonymous_7)","decl":{"start":{"line":146,"column":64},"end":{"line":146,"column":65}},"loc":{"start":{"line":146,"column":89},"end":{"line":154,"column":1}},"line":146}},"branchMap":{"0":{"loc":{"start":{"line":33,"column":4},"end":{"line":36,"column":5}},"type":"if","locations":[{"start":{"line":33,"column":4},"end":{"line":36,"column":5}},{"start":{"line":33,"column":4},"end":{"line":36,"column":5}}],"line":33},"1":{"loc":{"start":{"line":98,"column":4},"end":{"line":101,"column":5}},"type":"if","locations":[{"start":{"line":98,"column":4},"end":{"line":101,"column":5}},{"start":{"line":98,"column":4},"end":{"line":101,"column":5}}],"line":98}},"s":{"0":5,"1":5,"2":5,"3":5,"4":5,"5":5,"6":5,"7":5,"8":5,"9":5,"10":4,"11":4,"12":4,"13":2,"14":6,"15":2,"16":2,"17":2,"18":2,"19":2,"20":5,"21":2,"22":2,"23":1,"24":1,"25":5,"26":3,"27":3,"28":2,"29":1,"30":5,"31":5,"32":5,"33":5,"34":1,"35":1,"36":1,"37":4,"38":3,"39":2,"40":5,"41":3,"42":3,"43":2,"44":1,"45":5,"46":2,"47":2,"48":2,"49":1,"50":1,"51":5},"f":{"0":4,"1":6,"2":2,"3":3,"4":5,"5":1,"6":3,"7":2},"b":{"0":[2,2],"1":[1,4]},"_coverageSchema":"1a1c01bbd47fc00a2c39e90264f33305004495a9","hash":"0d5d05760562e13099ca3a04c99990719dba9ffd"}
}
