TN:
SF:app.js
FN:32,(anonymous_0)
FN:37,(anonymous_1)
FNF:2
FNH:1
FNDA:0,(anonymous_0)
FNDA:20,(anonymous_1)
DA:5,1
DA:6,1
DA:8,1
DA:10,1
DA:11,1
DA:12,1
DA:13,1
DA:14,1
DA:16,1
DA:18,1
DA:20,1
DA:21,1
DA:22,1
DA:23,1
DA:25,1
DA:26,1
DA:27,1
DA:28,1
DA:32,1
DA:33,0
DA:37,1
DA:38,20
DA:39,20
DA:40,20
DA:42,20
DA:47,1
LF:26
LH:25
BRDA:38,0,0,0
BRDA:38,0,1,20
BRDA:39,1,0,20
BRDA:39,1,1,1
BRF:4
BRH:3
end_of_record
TN:
SF:config.js
FN:13,getDatabaseUri
FNF:1
FNH:1
FNDA:2,getDatabaseUri
DA:5,1
DA:6,1
DA:8,1
DA:10,1
DA:14,2
DA:22,1
DA:24,1
DA:25,1
DA:26,1
DA:27,1
DA:28,1
DA:29,1
DA:31,1
LF:13
LH:13
BRDA:8,0,0,1
BRDA:8,0,1,1
BRDA:10,1,0,1
BRDA:10,1,1,1
BRDA:14,2,0,2
BRDA:14,2,1,0
BRDA:16,3,0,0
BRDA:16,3,1,0
BRDA:22,4,0,1
BRDA:22,4,1,0
BRF:10
BRH:6
end_of_record
TN:
SF:db.js
FNF:0
FNH:0
DA:3,1
DA:4,1
DA:8,1
DA:9,0
DA:16,1
DA:21,1
DA:23,1
LF:7
LH:6
BRDA:8,0,0,0
BRDA:8,0,1,1
BRF:2
BRH:1
end_of_record
TN:
SF:expressError.js
FN:8,(anonymous_0)
FN:18,(anonymous_1)
FN:26,(anonymous_2)
FN:34,(anonymous_3)
FN:42,(anonymous_4)
FNF:5
FNH:4
FNDA:19,(anonymous_0)
FNDA:4,(anonymous_1)
FNDA:12,(anonymous_2)
FNDA:3,(anonymous_3)
FNDA:0,(anonymous_4)
DA:9,19
DA:10,19
DA:11,19
DA:19,4
DA:27,12
DA:35,3
DA:43,0
DA:47,1
LF:8
LH:7
BRDA:18,0,0,0
BRDA:26,1,0,12
BRDA:34,2,0,0
BRDA:42,3,0,0
BRF:4
BRH:1
end_of_record
TN:
SF:helpers/sql.js
FN:24,sqlForPartialUpdate
FN:29,(anonymous_1)
FNF:2
FNH:2
FNDA:4,sqlForPartialUpdate
FNDA:4,(anonymous_1)
DA:1,1
DA:25,4
DA:26,4
DA:29,4
DA:32,4
DA:35,4
DA:41,1
LF:7
LH:7
BRDA:26,0,0,0
BRDA:26,0,1,4
BRDA:32,1,0,4
BRDA:32,1,1,1
BRF:4
BRH:3
end_of_record
TN:
SF:helpers/tokens.js
FN:6,createToken
FNF:1
FNH:1
FNDA:3,createToken
DA:1,1
DA:2,1
DA:7,3
DA:10,3
DA:15,3
DA:18,1
LF:6
LH:6
BRDA:12,0,0,3
BRDA:12,0,1,2
BRF:2
BRH:2
end_of_record
TN:
SF:middleware/auth.js
FN:18,authenticateJWT
FN:36,ensureLoggedIn
FN:51,ensureLoggedInAndIsAdmin
FN:68,ensureLoggedInIsAdminOrUser
FNF:4
FNH:3
FNDA:31,authenticateJWT
FNDA:0,ensureLoggedIn
FNDA:11,ensureLoggedInAndIsAdmin
FNDA:20,ensureLoggedInIsAdminOrUser
DA:5,1
DA:6,1
DA:7,1
DA:19,31
DA:20,31
DA:21,31
DA:22,26
DA:23,26
DA:25,31
DA:27,0
DA:37,0
DA:38,0
DA:39,0
DA:41,0
DA:52,11
DA:53,11
DA:54,9
DA:55,6
DA:57,5
DA:69,20
DA:70,20
DA:71,17
DA:72,4
DA:74,13
DA:76,7
DA:81,1
LF:26
LH:21
BRDA:20,0,0,31
BRDA:20,0,1,31
BRDA:21,1,0,26
BRDA:21,1,1,5
BRDA:38,2,0,0
BRDA:38,2,1,0
BRDA:53,3,0,2
BRDA:53,3,1,9
BRDA:54,4,0,3
BRDA:54,4,1,6
BRDA:70,5,0,3
BRDA:70,5,1,17
BRDA:71,6,0,4
BRDA:71,6,1,13
BRDA:71,7,0,17
BRDA:71,7,1,11
BRF:16
BRH:14
end_of_record
TN:
SF:models/company.js
FN:20,(anonymous_0)
FN:37,(anonymous_1)
FN:39,(anonymous_2)
FN:60,(anonymous_3)
FN:106,(anonymous_4)
FN:109,(anonymous_5)
FN:138,(anonymous_6)
FN:168,(anonymous_7)
FN:198,(anonymous_8)
FNF:9
FNH:1
FNDA:0,(anonymous_0)
FNDA:0,(anonymous_1)
FNDA:0,(anonymous_2)
FNDA:3,(anonymous_3)
FNDA:0,(anonymous_4)
FNDA:0,(anonymous_5)
FNDA:0,(anonymous_6)
FNDA:0,(anonymous_7)
FNDA:0,(anonymous_8)
DA:3,1
DA:4,1
DA:5,1
DA:21,0
DA:22,0
DA:23,0
DA:38,0
DA:39,0
DA:40,0
DA:42,0
DA:43,0
DA:44,0
DA:45,0
DA:46,0
DA:61,3
DA:67,3
DA:68,0
DA:70,3
DA:83,3
DA:85,3
DA:107,0
DA:108,0
DA:109,0
DA:111,0
DA:112,0
DA:115,0
DA:116,0
DA:118,0
DA:127,0
DA:139,0
DA:149,0
DA:151,0
DA:153,0
DA:169,0
DA:175,0
DA:177,0
DA:185,0
DA:186,0
DA:188,0
DA:190,0
DA:199,0
DA:205,0
DA:207,0
DA:212,1
LF:44
LH:9
BRDA:21,0,0,0
BRDA:21,0,1,0
BRDA:22,1,0,0
BRDA:22,1,1,0
BRDA:23,2,0,0
BRDA:23,2,1,0
BRDA:40,3,0,0
BRDA:40,3,1,0
BRDA:42,4,0,0
BRDA:42,4,1,0
BRDA:42,5,0,0
BRDA:42,5,1,0
BRDA:45,6,0,0
BRDA:45,6,1,0
BRDA:67,7,0,0
BRDA:67,7,1,3
BRDA:106,8,0,0
BRDA:111,9,0,0
BRDA:111,9,1,0
BRDA:116,10,0,0
BRDA:116,10,1,0
BRDA:151,11,0,0
BRDA:151,11,1,0
BRDA:188,12,0,0
BRDA:188,12,1,0
BRDA:207,13,0,0
BRDA:207,13,1,0
BRF:27
BRH:1
end_of_record
TN:
SF:models/job.js
FN:27,(anonymous_0)
FN:46,(anonymous_1)
FN:48,(anonymous_2)
FN:69,(anonymous_3)
FN:93,(anonymous_4)
FN:97,(anonymous_5)
FN:102,(anonymous_6)
FN:127,(anonymous_7)
FN:154,(anonymous_8)
FN:188,(anonymous_9)
FNF:10
FNH:0
FNDA:0,(anonymous_0)
FNDA:0,(anonymous_1)
FNDA:0,(anonymous_2)
FNDA:0,(anonymous_3)
FNDA:0,(anonymous_4)
FNDA:0,(anonymous_5)
FNDA:0,(anonymous_6)
FNDA:0,(anonymous_7)
FNDA:0,(anonymous_8)
FNDA:0,(anonymous_9)
DA:3,1
DA:4,1
DA:5,1
DA:10,1
DA:12,1
DA:28,0
DA:30,0
DA:31,0
DA:32,0
DA:47,0
DA:48,0
DA:49,0
DA:70,0
DA:79,0
DA:80,0
DA:94,0
DA:95,0
DA:97,0
DA:98,0
DA:100,0
DA:102,0
DA:103,0
DA:105,0
DA:113,0
DA:128,0
DA:135,0
DA:136,0
DA:137,0
DA:155,0
DA:160,0
DA:162,0
DA:169,0
DA:170,0
DA:172,0
DA:174,0
DA:189,0
DA:195,0
DA:197,0
DA:201,1
LF:39
LH:6
BRDA:28,0,0,0
BRDA:28,0,1,0
BRDA:28,1,0,0
BRDA:28,1,1,0
BRDA:30,2,0,0
BRDA:30,2,1,0
BRDA:31,3,0,0
BRDA:31,3,1,0
BRDA:32,4,0,0
BRDA:32,4,1,0
BRDA:49,5,0,0
BRDA:49,5,1,0
BRDA:93,6,0,0
BRDA:98,7,0,0
BRDA:98,7,1,0
BRDA:100,8,0,0
BRDA:100,8,1,0
BRDA:103,9,0,0
BRDA:103,9,1,0
BRDA:136,10,0,0
BRDA:136,10,1,0
BRDA:172,11,0,0
BRDA:172,11,1,0
BRDA:197,12,0,0
BRDA:197,12,1,0
BRF:25
BRH:0
end_of_record
TN:
SF:models/user.js
FN:26,(anonymous_0)
FN:34,(anonymous_1)
FN:47,(anonymous_2)
FN:82,(anonymous_3)
FN:127,(anonymous_4)
FN:153,(anonymous_5)
FN:190,(anonymous_6)
FN:223,(anonymous_7)
FN:238,(anonymous_8)
FNF:9
FNH:8
FNDA:6,(anonymous_0)
FNDA:0,(anonymous_1)
FNDA:1,(anonymous_2)
FNDA:5,(anonymous_3)
FNDA:2,(anonymous_4)
FNDA:3,(anonymous_5)
FNDA:4,(anonymous_6)
FNDA:3,(anonymous_7)
FNDA:2,(anonymous_8)
DA:3,1
DA:4,1
DA:5,1
DA:10,1
DA:12,1
DA:27,6
DA:33,6
DA:34,6
DA:35,6
DA:49,1
DA:61,1
DA:63,1
DA:65,1
DA:66,1
DA:67,1
DA:68,1
DA:72,0
DA:84,5
DA:91,5
DA:92,0
DA:95,5
DA:97,5
DA:117,5
DA:119,5
DA:128,2
DA:138,1
DA:139,4
DA:142,1
DA:154,3
DA:165,3
DA:167,3
DA:169,2
DA:170,2
DA:191,4
DA:192,1
DA:195,4
DA:202,4
DA:204,4
DA:212,4
DA:213,4
DA:215,4
DA:217,3
DA:218,3
DA:224,3
DA:231,3
DA:233,3
DA:239,2
DA:244,2
DA:251,2
DA:253,1
DA:254,1
DA:256,1
DA:265,1
DA:269,1
LF:54
LH:52
BRDA:33,0,0,6
BRDA:33,0,1,0
BRDA:63,1,0,1
BRDA:63,1,1,0
BRDA:66,2,0,1
BRDA:66,2,1,0
BRDA:91,3,0,0
BRDA:91,3,1,5
BRDA:167,4,0,1
BRDA:167,4,1,2
BRDA:191,5,0,1
BRDA:191,5,1,3
BRDA:215,6,0,1
BRDA:215,6,1,3
BRDA:233,7,0,1
BRDA:233,7,1,2
BRDA:251,8,0,1
BRDA:251,8,1,1
BRDA:254,9,0,0
BRDA:254,9,1,1
BRF:20
BRH:15
end_of_record
TN:
SF:routes/_testCommon.js
FN:8,commonBeforeAll
FN:67,commonBeforeEach
FN:71,commonAfterEach
FN:75,commonAfterAll
FNF:4
FNH:4
FNDA:1,commonBeforeAll
FNDA:31,commonBeforeEach
FNDA:31,commonAfterEach
FNDA:1,commonAfterAll
DA:3,1
DA:4,1
DA:5,1
DA:6,1
DA:10,1
DA:12,1
DA:13,1
DA:14,1
DA:16,1
DA:24,1
DA:32,1
DA:41,1
DA:49,1
DA:57,1
DA:68,31
DA:72,31
DA:76,1
DA:80,1
DA:83,1
LF:19
LH:19
BRF:0
BRH:0
end_of_record
TN:
SF:routes/auth.js
FN:22,(anonymous_0)
FN:26,(anonymous_1)
FN:49,(anonymous_2)
FN:53,(anonymous_3)
FNF:4
FNH:0
FNDA:0,(anonymous_0)
FNDA:0,(anonymous_1)
FNDA:0,(anonymous_2)
FNDA:0,(anonymous_3)
DA:5,1
DA:7,1
DA:8,1
DA:9,1
DA:10,1
DA:11,1
DA:12,1
DA:13,1
DA:22,1
DA:23,0
DA:24,0
DA:25,0
DA:26,0
DA:27,0
DA:30,0
DA:31,0
DA:32,0
DA:33,0
DA:35,0
DA:49,1
DA:50,0
DA:51,0
DA:52,0
DA:53,0
DA:54,0
DA:57,0
DA:58,0
DA:59,0
DA:61,0
DA:66,1
LF:30
LH:11
BRDA:25,0,0,0
BRDA:25,0,1,0
BRDA:52,1,0,0
BRDA:52,1,1,0
BRF:4
BRH:0
end_of_record
TN:
SF:routes/companies.js
FN:27,(anonymous_0)
FN:31,(anonymous_1)
FN:53,(anonymous_2)
FN:70,(anonymous_3)
FN:90,(anonymous_4)
FN:94,(anonymous_5)
FN:110,(anonymous_6)
FNF:7
FNH:0
FNDA:0,(anonymous_0)
FNDA:0,(anonymous_1)
FNDA:0,(anonymous_2)
FNDA:0,(anonymous_3)
FNDA:0,(anonymous_4)
FNDA:0,(anonymous_5)
FNDA:0,(anonymous_6)
DA:5,1
DA:6,1
DA:8,1
DA:9,1
DA:10,1
DA:12,1
DA:13,1
DA:15,1
DA:27,1
DA:28,0
DA:29,0
DA:30,0
DA:31,0
DA:32,0
DA:35,0
DA:36,0
DA:38,0
DA:53,1
DA:54,0
DA:55,0
DA:56,0
DA:58,0
DA:70,1
DA:71,0
DA:72,0
DA:73,0
DA:75,0
DA:90,1
DA:91,0
DA:92,0
DA:93,0
DA:94,0
DA:95,0
DA:98,0
DA:99,0
DA:101,0
DA:110,1
DA:111,0
DA:112,0
DA:113,0
DA:115,0
DA:120,1
LF:42
LH:14
BRDA:30,0,0,0
BRDA:30,0,1,0
BRDA:93,1,0,0
BRDA:93,1,1,0
BRF:4
BRH:0
end_of_record
TN:
SF:routes/jobs.js
FN:25,(anonymous_0)
FN:29,(anonymous_1)
FN:51,(anonymous_2)
FN:67,(anonymous_3)
FN:89,(anonymous_4)
FN:93,(anonymous_5)
FN:109,(anonymous_6)
FNF:7
FNH:0
FNDA:0,(anonymous_0)
FNDA:0,(anonymous_1)
FNDA:0,(anonymous_2)
FNDA:0,(anonymous_3)
FNDA:0,(anonymous_4)
FNDA:0,(anonymous_5)
FNDA:0,(anonymous_6)
DA:3,1
DA:4,1
DA:5,1
DA:7,1
DA:8,1
DA:10,1
DA:12,1
DA:13,1
DA:25,1
DA:26,0
DA:27,0
DA:28,0
DA:29,0
DA:30,0
DA:33,0
DA:34,0
DA:36,0
DA:51,1
DA:52,0
DA:53,0
DA:54,0
DA:56,0
DA:67,1
DA:68,0
DA:69,0
DA:70,0
DA:72,0
DA:89,1
DA:90,0
DA:91,0
DA:92,0
DA:93,0
DA:94,0
DA:97,0
DA:98,0
DA:100,0
DA:109,1
DA:110,0
DA:111,0
DA:112,0
DA:114,0
DA:119,1
LF:42
LH:14
BRDA:28,0,0,0
BRDA:28,0,1,0
BRDA:92,1,0,0
BRDA:92,1,1,0
BRF:4
BRH:0
end_of_record
TN:
SF:routes/users.js
FN:30,(anonymous_0)
FN:34,(anonymous_1)
FN:54,(anonymous_2)
FN:73,(anonymous_3)
FN:95,(anonymous_4)
FN:99,(anonymous_5)
FN:118,(anonymous_6)
FN:137,(anonymous_7)
FNF:8
FNH:8
FNDA:4,(anonymous_0)
FNDA:6,(anonymous_1)
FNDA:2,(anonymous_2)
FNDA:3,(anonymous_3)
FNDA:5,(anonymous_4)
FNDA:1,(anonymous_5)
FNDA:3,(anonymous_6)
FNDA:2,(anonymous_7)
DA:5,1
DA:7,1
DA:8,1
DA:9,1
DA:10,1
DA:11,1
DA:12,1
DA:13,1
DA:15,1
DA:30,1
DA:31,4
DA:32,4
DA:33,4
DA:34,6
DA:35,2
DA:38,2
DA:39,2
DA:40,2
DA:42,2
DA:54,1
DA:55,2
DA:56,2
DA:57,1
DA:59,1
DA:73,1
DA:74,3
DA:75,3
DA:76,2
DA:78,1
DA:95,1
DA:96,5
DA:97,5
DA:98,5
DA:99,1
DA:100,1
DA:103,4
DA:104,3
DA:106,2
DA:118,1
DA:119,3
DA:120,3
DA:121,2
DA:123,1
DA:137,1
DA:138,2
DA:139,2
DA:140,2
DA:141,1
DA:143,1
DA:148,1
LF:50
LH:50
BRDA:33,0,0,2
BRDA:33,0,1,2
BRDA:98,1,0,1
BRDA:98,1,1,4
BRF:4
BRH:4
end_of_record
