TN:
SF:app.js
FN:32,(anonymous_0)
FN:37,(anonymous_1)
FNF:2
FNH:2
FNDA:3,(anonymous_0)
FNDA:56,(anonymous_1)
DA:5,5
DA:6,5
DA:8,5
DA:10,5
DA:11,5
DA:12,5
DA:13,5
DA:14,5
DA:16,5
DA:18,5
DA:20,5
DA:21,5
DA:22,5
DA:23,5
DA:25,5
DA:26,5
DA:27,5
DA:28,5
DA:32,5
DA:33,3
DA:37,5
DA:38,56
DA:39,56
DA:40,56
DA:42,56
DA:47,5
LF:26
LH:26
BRDA:38,0,0,1
BRDA:38,0,1,55
BRDA:39,1,0,56
BRDA:39,1,1,2
BRF:4
BRH:4
end_of_record
TN:
SF:config.js
FN:13,getDatabaseUri
FNF:1
FNH:1
FNDA:24,getDatabaseUri
DA:5,12
DA:6,12
DA:8,12
DA:10,12
DA:14,24
DA:22,12
DA:24,12
DA:25,12
DA:26,12
DA:27,12
DA:28,12
DA:29,12
DA:31,12
LF:13
LH:13
BRDA:8,0,0,12
BRDA:8,0,1,11
BRDA:10,1,0,12
BRDA:10,1,1,11
BRDA:14,2,0,21
BRDA:14,2,1,3
BRDA:16,3,0,3
BRDA:16,3,1,1
BRDA:22,4,0,11
BRDA:22,4,1,1
BRF:10
BRH:10
end_of_record
TN:
SF:db.js
FNF:0
FNH:0
DA:3,9
DA:4,9
DA:8,9
DA:9,0
DA:16,9
DA:21,9
DA:23,9
LF:7
LH:6
BRDA:8,0,0,0
BRDA:8,0,1,9
BRF:2
BRH:1
end_of_record
TN:
SF:expressError.js
FN:8,(anonymous_0)
FN:18,(anonymous_1)
FN:26,(anonymous_2)
FN:34,(anonymous_3)
FN:42,(anonymous_4)
FNF:5
FNH:4
FNDA:75,(anonymous_0)
FNDA:21,(anonymous_1)
FNDA:26,(anonymous_2)
FNDA:28,(anonymous_3)
FNDA:0,(anonymous_4)
DA:9,75
DA:10,75
DA:11,75
DA:19,21
DA:27,26
DA:35,28
DA:43,0
DA:47,10
LF:8
LH:7
BRDA:18,0,0,3
BRDA:26,1,0,22
BRDA:34,2,0,0
BRDA:42,3,0,0
BRF:4
BRH:2
end_of_record
TN:
SF:helpers/sql.js
FN:24,sqlForPartialUpdate
FN:29,(anonymous_1)
FNF:2
FNH:2
FNDA:21,sqlForPartialUpdate
FNDA:38,(anonymous_1)
DA:1,9
DA:25,21
DA:26,21
DA:29,18
DA:32,38
DA:35,18
DA:41,9
LF:7
LH:7
BRDA:26,0,0,3
BRDA:26,0,1,18
BRDA:32,1,0,38
BRDA:32,1,1,20
BRF:4
BRH:4
end_of_record
TN:
SF:helpers/tokens.js
FN:6,createToken
FNF:1
FNH:1
FNDA:11,createToken
DA:1,6
DA:2,6
DA:7,11
DA:10,11
DA:15,11
DA:18,6
LF:6
LH:6
BRDA:12,0,0,11
BRDA:12,0,1,9
BRF:2
BRH:2
end_of_record
TN:
SF:middleware/auth.js
FN:18,authenticateJWT
FN:36,ensureLoggedIn
FN:51,ensureLoggedInAndIsAdmin
FN:68,ensureLoggedInIsAdminOrUser
FNF:4
FNH:4
FNDA:89,authenticateJWT
FNDA:2,ensureLoggedIn
FNDA:38,ensureLoggedInAndIsAdmin
FNDA:20,ensureLoggedInIsAdminOrUser
DA:5,6
DA:6,6
DA:7,6
DA:19,89
DA:20,89
DA:21,89
DA:22,52
DA:23,52
DA:25,88
DA:27,1
DA:37,2
DA:38,2
DA:39,1
DA:41,1
DA:52,38
DA:53,38
DA:54,32
DA:55,24
DA:57,14
DA:69,20
DA:70,20
DA:71,17
DA:72,4
DA:74,13
DA:76,7
DA:81,6
LF:26
LH:26
BRDA:20,0,0,89
BRDA:20,0,1,88
BRDA:21,1,0,52
BRDA:21,1,1,37
BRDA:38,2,0,1
BRDA:38,2,1,1
BRDA:53,3,0,6
BRDA:53,3,1,32
BRDA:54,4,0,8
BRDA:54,4,1,24
BRDA:70,5,0,3
BRDA:70,5,1,17
BRDA:71,6,0,4
BRDA:71,6,1,13
BRDA:71,7,0,17
BRDA:71,7,1,11
BRF:16
BRH:16
end_of_record
TN:
SF:models/_testCommon.js
FN:6,commonBeforeAll
FN:33,commonBeforeEach
FN:37,commonAfterEach
FN:41,commonAfterAll
FNF:4
FNH:4
FNDA:2,commonBeforeAll
FNDA:33,commonBeforeEach
FNDA:33,commonAfterEach
FNDA:2,commonAfterAll
DA:1,2
DA:3,2
DA:4,2
DA:8,2
DA:10,2
DA:12,2
DA:18,2
DA:34,33
DA:38,33
DA:42,2
DA:46,2
LF:11
LH:11
BRF:0
BRH:0
end_of_record
TN:
SF:models/company.js
FN:20,(anonymous_0)
FN:37,(anonymous_1)
FN:39,(anonymous_2)
FN:60,(anonymous_3)
FN:106,(anonymous_4)
FN:109,(anonymous_5)
FN:138,(anonymous_6)
FN:168,(anonymous_7)
FN:198,(anonymous_8)
FNF:9
FNH:9
FNDA:12,(anonymous_0)
FNDA:13,(anonymous_1)
FNDA:24,(anonymous_2)
FNDA:13,(anonymous_3)
FNDA:11,(anonymous_4)
FNDA:12,(anonymous_5)
FNDA:5,(anonymous_6)
FNDA:6,(anonymous_7)
FNDA:4,(anonymous_8)
DA:3,6
DA:4,6
DA:5,6
DA:21,12
DA:22,7
DA:23,3
DA:38,13
DA:39,24
DA:40,13
DA:42,11
DA:43,4
DA:44,4
DA:45,4
DA:46,2
DA:61,13
DA:67,13
DA:68,1
DA:70,12
DA:83,12
DA:85,12
DA:107,11
DA:108,11
DA:109,12
DA:111,9
DA:112,5
DA:115,9
DA:116,9
DA:118,9
DA:127,8
DA:139,5
DA:149,5
DA:151,5
DA:153,3
DA:169,6
DA:175,5
DA:177,5
DA:185,5
DA:186,5
DA:188,5
DA:190,3
DA:199,4
DA:205,4
DA:207,4
DA:212,6
LF:44
LH:44
BRDA:21,0,0,5
BRDA:21,0,1,7
BRDA:22,1,0,4
BRDA:22,1,1,3
BRDA:23,2,0,3
BRDA:23,2,1,0
BRDA:40,3,0,2
BRDA:40,3,1,11
BRDA:42,4,0,4
BRDA:42,4,1,7
BRDA:42,5,0,11
BRDA:42,5,1,6
BRDA:45,6,0,2
BRDA:45,6,1,2
BRDA:67,7,0,1
BRDA:67,7,1,12
BRDA:106,8,0,1
BRDA:111,9,0,5
BRDA:111,9,1,4
BRDA:116,10,0,6
BRDA:116,10,1,3
BRDA:151,11,0,2
BRDA:151,11,1,3
BRDA:188,12,0,2
BRDA:188,12,1,3
BRDA:207,13,0,2
BRDA:207,13,1,2
BRF:27
BRH:26
end_of_record
TN:
SF:models/job.js
FN:27,(anonymous_0)
FN:46,(anonymous_1)
FN:48,(anonymous_2)
FN:69,(anonymous_3)
FN:93,(anonymous_4)
FN:97,(anonymous_5)
FN:102,(anonymous_6)
FN:127,(anonymous_7)
FN:154,(anonymous_8)
FN:188,(anonymous_9)
FNF:10
FNH:10
FNDA:12,(anonymous_0)
FNDA:10,(anonymous_1)
FNDA:18,(anonymous_2)
FNDA:2,(anonymous_3)
FNDA:9,(anonymous_4)
FNDA:12,(anonymous_5)
FNDA:12,(anonymous_6)
FNDA:4,(anonymous_7)
FNDA:4,(anonymous_8)
FNDA:3,(anonymous_9)
DA:3,6
DA:4,6
DA:5,6
DA:10,6
DA:12,6
DA:28,12
DA:30,12
DA:31,7
DA:32,4
DA:47,10
DA:48,18
DA:49,10
DA:70,2
DA:79,2
DA:80,2
DA:94,9
DA:95,9
DA:97,12
DA:98,8
DA:100,8
DA:102,12
DA:103,8
DA:105,8
DA:113,8
DA:128,4
DA:135,4
DA:136,4
DA:137,2
DA:155,4
DA:160,4
DA:162,4
DA:169,4
DA:170,4
DA:172,4
DA:174,3
DA:189,3
DA:195,3
DA:197,3
DA:201,6
LF:39
LH:39
BRDA:28,0,0,2
BRDA:28,0,1,10
BRDA:28,1,0,12
BRDA:28,1,1,12
BRDA:30,2,0,5
BRDA:30,2,1,7
BRDA:31,3,0,3
BRDA:31,3,1,4
BRDA:32,4,0,4
BRDA:32,4,1,0
BRDA:49,5,0,2
BRDA:49,5,1,8
BRDA:93,6,0,1
BRDA:98,7,0,6
BRDA:98,7,1,2
BRDA:100,8,0,5
BRDA:100,8,1,3
BRDA:103,9,0,4
BRDA:103,9,1,4
BRDA:136,10,0,2
BRDA:136,10,1,2
BRDA:172,11,0,1
BRDA:172,11,1,3
BRDA:197,12,0,1
BRDA:197,12,1,2
BRF:25
BRH:24
end_of_record
TN:
SF:models/user.js
FN:26,(anonymous_0)
FN:34,(anonymous_1)
FN:47,(anonymous_2)
FN:82,(anonymous_3)
FN:127,(anonymous_4)
FN:153,(anonymous_5)
FN:190,(anonymous_6)
FN:223,(anonymous_7)
FN:248,(anonymous_8)
FNF:9
FNH:9
FNDA:10,(anonymous_0)
FNDA:1,(anonymous_1)
FNDA:7,(anonymous_2)
FNDA:16,(anonymous_3)
FNDA:3,(anonymous_4)
FNDA:6,(anonymous_5)
FNDA:8,(anonymous_6)
FNDA:5,(anonymous_7)
FNDA:4,(anonymous_8)
DA:3,6
DA:4,6
DA:5,6
DA:10,6
DA:12,6
DA:27,10
DA:33,10
DA:34,10
DA:35,10
DA:49,7
DA:61,7
DA:63,7
DA:65,4
DA:66,4
DA:67,3
DA:68,3
DA:72,4
DA:84,16
DA:91,16
DA:92,1
DA:95,15
DA:97,15
DA:117,15
DA:119,15
DA:128,3
DA:138,2
DA:139,6
DA:142,2
DA:154,6
DA:165,6
DA:167,6
DA:169,4
DA:170,4
DA:191,8
DA:192,2
DA:195,8
DA:202,7
DA:204,7
DA:212,7
DA:213,7
DA:215,7
DA:217,5
DA:218,5
DA:224,5
DA:231,5
DA:233,5
DA:249,4
DA:254,4
DA:261,4
DA:263,2
DA:264,2
DA:266,2
DA:275,2
DA:279,6
LF:54
LH:54
BRDA:33,0,0,10
BRDA:33,0,1,0
BRDA:63,1,0,4
BRDA:63,1,1,3
BRDA:66,2,0,3
BRDA:66,2,1,1
BRDA:91,3,0,1
BRDA:91,3,1,15
BRDA:167,4,0,2
BRDA:167,4,1,4
BRDA:191,5,0,2
BRDA:191,5,1,6
BRDA:215,6,0,2
BRDA:215,6,1,5
BRDA:233,7,0,2
BRDA:233,7,1,3
BRDA:261,8,0,2
BRDA:261,8,1,2
BRDA:264,9,0,0
BRDA:264,9,1,2
BRF:20
BRH:18
end_of_record
TN:
SF:routes/_testCommon.js
FN:8,commonBeforeAll
FN:67,commonBeforeEach
FN:71,commonAfterEach
FN:75,commonAfterAll
FNF:4
FNH:4
FNDA:3,commonBeforeAll
FNDA:63,commonBeforeEach
FNDA:63,commonAfterEach
FNDA:3,commonAfterAll
DA:3,4
DA:4,4
DA:5,4
DA:6,4
DA:10,3
DA:12,3
DA:13,3
DA:14,3
DA:16,3
DA:24,3
DA:32,3
DA:41,3
DA:49,3
DA:57,3
DA:68,63
DA:72,63
DA:76,3
DA:77,3
DA:78,3
DA:79,3
DA:80,3
DA:84,4
DA:87,4
LF:23
LH:23
BRF:0
BRH:0
end_of_record
TN:
SF:routes/auth.js
FN:22,(anonymous_0)
FN:26,(anonymous_1)
FN:49,(anonymous_2)
FN:53,(anonymous_3)
FNF:4
FNH:4
FNDA:5,(anonymous_0)
FNDA:2,(anonymous_1)
FNDA:3,(anonymous_2)
FNDA:5,(anonymous_3)
DA:5,5
DA:7,5
DA:8,5
DA:9,5
DA:10,5
DA:11,5
DA:12,5
DA:13,5
DA:22,5
DA:23,5
DA:24,5
DA:25,5
DA:26,2
DA:27,2
DA:30,3
DA:31,3
DA:32,1
DA:33,1
DA:35,4
DA:49,5
DA:50,3
DA:51,3
DA:52,3
DA:53,5
DA:54,2
DA:57,1
DA:58,1
DA:59,1
DA:61,2
DA:66,5
LF:30
LH:30
BRDA:25,0,0,2
BRDA:25,0,1,3
BRDA:52,1,0,2
BRDA:52,1,1,1
BRF:4
BRH:4
end_of_record
TN:
SF:routes/companies.js
FN:27,(anonymous_0)
FN:31,(anonymous_1)
FN:53,(anonymous_2)
FN:70,(anonymous_3)
FN:90,(anonymous_4)
FN:94,(anonymous_5)
FN:110,(anonymous_6)
FNF:7
FNH:7
FNDA:4,(anonymous_0)
FNDA:10,(anonymous_1)
FNDA:7,(anonymous_2)
FNDA:3,(anonymous_3)
FNDA:4,(anonymous_4)
FNDA:2,(anonymous_5)
FNDA:2,(anonymous_6)
DA:5,5
DA:6,5
DA:8,5
DA:9,5
DA:10,5
DA:12,5
DA:13,5
DA:15,5
DA:27,5
DA:28,4
DA:29,4
DA:30,4
DA:31,10
DA:32,3
DA:35,1
DA:36,1
DA:38,3
DA:53,5
DA:54,7
DA:55,7
DA:56,4
DA:58,3
DA:70,5
DA:71,3
DA:72,3
DA:73,2
DA:75,1
DA:90,5
DA:91,4
DA:92,4
DA:93,4
DA:94,2
DA:95,2
DA:98,2
DA:99,1
DA:101,3
DA:110,5
DA:111,2
DA:112,2
DA:113,1
DA:115,1
DA:120,5
LF:42
LH:42
BRDA:30,0,0,3
BRDA:30,0,1,1
BRDA:93,1,0,2
BRDA:93,1,1,2
BRF:4
BRH:4
end_of_record
TN:
SF:routes/jobs.js
FN:25,(anonymous_0)
FN:29,(anonymous_1)
FN:51,(anonymous_2)
FN:67,(anonymous_3)
FN:89,(anonymous_4)
FN:93,(anonymous_5)
FN:109,(anonymous_6)
FNF:7
FNH:7
FNDA:2,(anonymous_0)
FNDA:2,(anonymous_1)
FNDA:5,(anonymous_2)
FNDA:2,(anonymous_3)
FNDA:4,(anonymous_4)
FNDA:2,(anonymous_5)
FNDA:2,(anonymous_6)
DA:3,5
DA:4,5
DA:5,5
DA:7,5
DA:8,5
DA:10,5
DA:12,5
DA:13,5
DA:25,5
DA:26,2
DA:27,2
DA:28,2
DA:29,2
DA:30,1
DA:33,1
DA:34,1
DA:36,1
DA:51,5
DA:52,5
DA:53,5
DA:54,4
DA:56,1
DA:67,5
DA:68,2
DA:69,2
DA:70,1
DA:72,1
DA:89,5
DA:90,4
DA:91,4
DA:92,4
DA:93,2
DA:94,2
DA:97,2
DA:98,1
DA:100,3
DA:109,5
DA:110,2
DA:111,2
DA:112,1
DA:114,1
DA:119,5
LF:42
LH:42
BRDA:28,0,0,1
BRDA:28,0,1,1
BRDA:92,1,0,2
BRDA:92,1,1,2
BRF:4
BRH:4
end_of_record
TN:
SF:routes/users.js
FN:30,(anonymous_0)
FN:34,(anonymous_1)
FN:54,(anonymous_2)
FN:73,(anonymous_3)
FN:95,(anonymous_4)
FN:99,(anonymous_5)
FN:118,(anonymous_6)
FN:146,(anonymous_7)
FNF:8
FNH:8
FNDA:4,(anonymous_0)
FNDA:6,(anonymous_1)
FNDA:2,(anonymous_2)
FNDA:3,(anonymous_3)
FNDA:5,(anonymous_4)
FNDA:1,(anonymous_5)
FNDA:3,(anonymous_6)
FNDA:2,(anonymous_7)
DA:5,5
DA:7,5
DA:8,5
DA:9,5
DA:10,5
DA:11,5
DA:12,5
DA:13,5
DA:15,5
DA:30,5
DA:31,4
DA:32,4
DA:33,4
DA:34,6
DA:35,2
DA:38,2
DA:39,2
DA:40,2
DA:42,2
DA:54,5
DA:55,2
DA:56,2
DA:57,1
DA:59,1
DA:73,5
DA:74,3
DA:75,3
DA:76,2
DA:78,1
DA:95,5
DA:96,5
DA:97,5
DA:98,5
DA:99,1
DA:100,1
DA:103,4
DA:104,3
DA:106,2
DA:118,5
DA:119,3
DA:120,3
DA:121,2
DA:123,1
DA:146,5
DA:147,2
DA:148,2
DA:149,2
DA:150,1
DA:152,1
DA:157,5
LF:50
LH:50
BRDA:33,0,0,2
BRDA:33,0,1,2
BRDA:98,1,0,1
BRDA:98,1,1,4
BRF:4
BRH:4
end_of_record
